{"meta": {"format": 3, "version": "7.11.3", "timestamp": "2025-11-29T13:00:07.049197", "branch_coverage": true, "show_contexts": false}, "files": {"src/sark/__init__.py": {"executed_lines": [1, 3, 4, 5, 6], "summary": {"covered_lines": 4, "num_statements": 4, "percent_covered": 100.0, "percent_covered_display": "100.00", "missing_lines": 0, "excluded_lines": 0, "num_branches": 0, "num_partial_branches": 0, "covered_branches": 0, "missing_branches": 0}, "missing_lines": [], "excluded_lines": [], "executed_branches": [], "missing_branches": [], "functions": {"": {"executed_lines": [1, 3, 4, 5, 6], "summary": {"covered_lines": 4, "num_statements": 4, "percent_covered": 100.0, "percent_covered_display": "100.00", "missing_lines": 0, "excluded_lines": 0, "num_branches": 0, "num_partial_branches": 0, "covered_branches": 0, "missing_branches": 0}, "missing_lines": [], "excluded_lines": [], "executed_branches": [], "missing_branches": []}}, "classes": {"": {"executed_lines": [1, 3, 4, 5, 6], "summary": {"covered_lines": 4, "num_statements": 4, "percent_covered": 100.0, "percent_covered_display": "100.00", "missing_lines": 0, "excluded_lines": 0, "num_branches": 0, "num_partial_branches": 0, "covered_branches": 0, "missing_branches": 0}, "missing_lines": [], "excluded_lines": [], "executed_branches": [], "missing_branches": []}}}, "src/sark/__main__.py": {"executed_lines": [], "summary": {"covered_lines": 0, "num_statements": 4, "percent_covered": 0.0, "percent_covered_display": "0.00", "missing_lines": 4, "excluded_lines": 2, "num_branches": 0, "num_partial_branches": 0, "covered_branches": 0, "missing_branches": 0}, "missing_lines": [3, 6, 8, 10], "excluded_lines": [18, 19], "executed_branches": [], "missing_branches": [], "functions": {"main": {"executed_lines": [], "summary": {"covered_lines": 0, "num_statements": 2, "percent_covered": 0.0, "percent_covered_display": "0.00", "missing_lines": 2, "excluded_lines": 0, "num_branches": 0, "num_partial_branches": 0, "covered_branches": 0, "missing_branches": 0}, "missing_lines": [8, 10], "excluded_lines": [], "executed_branches": [], "missing_branches": []}, "": {"executed_lines": [], "summary": {"covered_lines": 0, "num_statements": 2, "percent_covered": 0.0, "percent_covered_display": "0.00", "missing_lines": 2, "excluded_lines": 2, "num_branches": 0, "num_partial_branches": 0, "covered_branches": 0, "missing_branches": 0}, "missing_lines": [3, 6], "excluded_lines": [18, 19], "executed_branches": [], "missing_branches": []}}, "classes": {"": {"executed_lines": [], "summary": {"covered_lines": 0, "num_statements": 4, "percent_covered": 0.0, "percent_covered_display": "0.00", "missing_lines": 4, "excluded_lines": 2, "num_branches": 0, "num_partial_branches": 0, "covered_branches": 0, "missing_branches": 0}, "missing_lines": [3, 6, 8, 10], "excluded_lines": [18, 19], "executed_branches": [], "missing_branches": []}}}, "src/sark/adapters/__init__.py": {"executed_lines": [1, 10, 11, 12, 15, 16, 17, 21, 22, 23, 27, 41, 42, 44, 45], "summary": {"covered_lines": 14, "num_statements": 18, "percent_covered": 72.72727272727273, "percent_covered_display": "72.73", "missing_lines": 4, "excluded_lines": 0, "num_branches": 4, "num_partial_branches": 2, "covered_branches": 2, "missing_branches": 2}, "missing_lines": [18, 19, 24, 25], "excluded_lines": [], "executed_branches": [[41, 42], [44, 45]], "missing_branches": [[41, 44], [44, -1]], "functions": {"": {"executed_lines": [1, 10, 11, 12, 15, 16, 17, 21, 22, 23, 27, 41, 42, 44, 45], "summary": {"covered_lines": 14, "num_statements": 18, "percent_covered": 72.72727272727273, "percent_covered_display": "72.73", "missing_lines": 4, "excluded_lines": 0, "num_branches": 4, "num_partial_branches": 2, "covered_branches": 2, "missing_branches": 2}, "missing_lines": [18, 19, 24, 25], "excluded_lines": [], "executed_branches": [[41, 42], [44, 45]], "missing_branches": [[41, 44], [44, -1]]}}, "classes": {"": {"executed_lines": [1, 10, 11, 12, 15, 16, 17, 21, 22, 23, 27, 41, 42, 44, 45], "summary": {"covered_lines": 14, "num_statements": 18, "percent_covered": 72.72727272727273, "percent_covered_display": "72.73", "missing_lines": 4, "excluded_lines": 0, "num_branches": 4, "num_partial_branches": 2, "covered_branches": 2, "missing_branches": 2}, "missing_lines": [18, 19, 24, 25], "excluded_lines": [], "executed_branches": [[41, 42], [44, 45]], "missing_branches": [[41, 44], [44, -1]]}}}, "src/sark/adapters/base.py": {"executed_lines": [1, 11, 12, 13, 15, 21, 27, 30, 31, 41, 42, 43, 52, 53, 54, 63, 64, 127, 128, 170, 171, 189, 190, 244, 245, 262, 296, 298, 332, 336, 386, 394, 442, 443, 444, 445, 446, 455, 457, 481, 483, 528, 536, 541, 549, 554, 582, 592, 593, 596, 598, 636, 638, 640, 643], "summary": {"covered_lines": 35, "num_statements": 39, "percent_covered": 88.37209302325581, "percent_covered_display": "88.37", "missing_lines": 4, "excluded_lines": 216, "num_branches": 4, "num_partial_branches": 1, "covered_branches": 3, "missing_branches": 1}, "missing_lines": [447, 449, 522, 594], "excluded_lines": [41, 42, 43, 44, 45, 46, 47, 48, 49, 50, 52, 53, 54, 55, 56, 57, 58, 59, 60, 61, 63, 64, 65, 66, 67, 68, 69, 70, 71, 72, 73, 74, 75, 76, 77, 78, 79, 80, 81, 82, 83, 84, 85, 86, 87, 88, 89, 90, 91, 92, 93, 94, 95, 96, 97, 98, 99, 100, 101, 102, 103, 104, 105, 106, 107, 108, 109, 110, 111, 112, 113, 114, 115, 116, 117, 118, 119, 120, 121, 122, 123, 124, 125, 127, 128, 129, 130, 131, 132, 133, 134, 135, 136, 137, 138, 139, 140, 141, 142, 143, 144, 145, 146, 147, 148, 149, 150, 151, 152, 153, 154, 155, 156, 157, 158, 159, 160, 161, 162, 163, 164, 165, 166, 167, 168, 170, 171, 172, 173, 174, 175, 176, 177, 178, 179, 180, 181, 182, 183, 184, 185, 186, 187, 189, 190, 191, 192, 193, 194, 195, 196, 197, 198, 199, 200, 201, 202, 203, 204, 205, 206, 207, 208, 209, 210, 211, 212, 213, 214, 215, 216, 217, 218, 219, 220, 221, 222, 223, 224, 225, 226, 227, 228, 229, 230, 231, 232, 233, 234, 235, 236, 237, 238, 239, 240, 241, 242, 244, 245, 246, 247, 248, 249, 250, 251, 252, 253, 254, 255, 256, 257, 258, 392, 638, 639, 640], "executed_branches": [[443, 444], [443, 455], [593, 596]], "missing_branches": [[593, 594]], "functions": {"ProtocolAdapter.protocol_name": {"executed_lines": [], "summary": {"covered_lines": 0, "num_statements": 0, "percent_covered": 100.0, "percent_covered_display": "100.00", "missing_lines": 0, "excluded_lines": 7, "num_branches": 0, "num_partial_branches": 0, "covered_branches": 0, "missing_branches": 0}, "missing_lines": [], "excluded_lines": [44, 45, 46, 47, 48, 49, 50], "executed_branches": [], "missing_branches": []}, "ProtocolAdapter.protocol_version": {"executed_lines": [], "summary": {"covered_lines": 0, "num_statements": 0, "percent_covered": 100.0, "percent_covered_display": "100.00", "missing_lines": 0, "excluded_lines": 7, "num_branches": 0, "num_partial_branches": 0, "covered_branches": 0, "missing_branches": 0}, "missing_lines": [], "excluded_lines": [55, 56, 57, 58, 59, 60, 61], "executed_branches": [], "missing_branches": []}, "ProtocolAdapter.discover_resources": {"executed_lines": [], "summary": {"covered_lines": 0, "num_statements": 0, "percent_covered": 100.0, "percent_covered_display": "100.00", "missing_lines": 0, "excluded_lines": 58, "num_branches": 0, "num_partial_branches": 0, "covered_branches": 0, "missing_branches": 0}, "missing_lines": [], "excluded_lines": [68, 69, 70, 71, 72, 73, 74, 75, 76, 77, 78, 79, 80, 81, 82, 83, 84, 85, 86, 87, 88, 89, 90, 91, 92, 93, 94, 95, 96, 97, 98, 99, 100, 101, 102, 103, 104, 105, 106, 107, 108, 109, 110, 111, 112, 113, 114, 115, 116, 117, 118, 119, 120, 121, 122, 123, 124, 125], "executed_branches": [], "missing_branches": []}, "ProtocolAdapter.get_capabilities": {"executed_lines": [], "summary": {"covered_lines": 0, "num_statements": 0, "percent_covered": 100.0, "percent_covered_display": "100.00", "missing_lines": 0, "excluded_lines": 37, "num_branches": 0, "num_partial_branches": 0, "covered_branches": 0, "missing_branches": 0}, "missing_lines": [], "excluded_lines": [132, 133, 134, 135, 136, 137, 138, 139, 140, 141, 142, 143, 144, 145, 146, 147, 148, 149, 150, 151, 152, 153, 154, 155, 156, 157, 158, 159, 160, 161, 162, 163, 164, 165, 166, 167, 168], "executed_branches": [], "missing_branches": []}, "ProtocolAdapter.validate_request": {"executed_lines": [], "summary": {"covered_lines": 0, "num_statements": 0, "percent_covered": 100.0, "percent_covered_display": "100.00", "missing_lines": 0, "excluded_lines": 13, "num_branches": 0, "num_partial_branches": 0, "covered_branches": 0, "missing_branches": 0}, "missing_lines": [], "excluded_lines": [175, 176, 177, 178, 179, 180, 181, 182, 183, 184, 185, 186, 187], "executed_branches": [], "missing_branches": []}, "ProtocolAdapter.invoke": {"executed_lines": [], "summary": {"covered_lines": 0, "num_statements": 0, "percent_covered": 100.0, "percent_covered_display": "100.00", "missing_lines": 0, "excluded_lines": 49, "num_branches": 0, "num_partial_branches": 0, "covered_branches": 0, "missing_branches": 0}, "missing_lines": [], "excluded_lines": [194, 195, 196, 197, 198, 199, 200, 201, 202, 203, 204, 205, 206, 207, 208, 209, 210, 211, 212, 213, 214, 215, 216, 217, 218, 219, 220, 221, 222, 223, 224, 225, 226, 227, 228, 229, 230, 231, 232, 233, 234, 235, 236, 237, 238, 239, 240, 241, 242], "executed_branches": [], "missing_branches": []}, "ProtocolAdapter.health_check": {"executed_lines": [], "summary": {"covered_lines": 0, "num_statements": 0, "percent_covered": 100.0, "percent_covered_display": "100.00", "missing_lines": 0, "excluded_lines": 10, "num_branches": 0, "num_partial_branches": 0, "covered_branches": 0, "missing_branches": 0}, "missing_lines": [], "excluded_lines": [249, 250, 251, 252, 253, 254, 255, 256, 257, 258], "executed_branches": [], "missing_branches": []}, "ProtocolAdapter.on_resource_registered": {"executed_lines": [296], "summary": {"covered_lines": 1, "num_statements": 1, "percent_covered": 100.0, "percent_covered_display": "100.00", "missing_lines": 0, "excluded_lines": 0, "num_branches": 0, "num_partial_branches": 0, "covered_branches": 0, "missing_branches": 0}, "missing_lines": [], "excluded_lines": [], "executed_branches": [], "missing_branches": []}, "ProtocolAdapter.on_resource_unregistered": {"executed_lines": [332], "summary": {"covered_lines": 1, "num_statements": 1, "percent_covered": 100.0, "percent_covered_display": "100.00", "missing_lines": 0, "excluded_lines": 0, "num_branches": 0, "num_partial_branches": 0, "covered_branches": 0, "missing_branches": 0}, "missing_lines": [], "excluded_lines": [], "executed_branches": [], "missing_branches": []}, "ProtocolAdapter.invoke_streaming": {"executed_lines": [386], "summary": {"covered_lines": 1, "num_statements": 1, "percent_covered": 100.0, "percent_covered_display": "100.00", "missing_lines": 0, "excluded_lines": 1, "num_branches": 0, "num_partial_branches": 0, "covered_branches": 0, "missing_branches": 0}, "missing_lines": [], "excluded_lines": [392], "executed_branches": [], "missing_branches": []}, "ProtocolAdapter.invoke_batch": {"executed_lines": [442, 443, 444, 445, 446, 455], "summary": {"covered_lines": 6, "num_statements": 8, "percent_covered": 80.0, "percent_covered_display": "80.00", "missing_lines": 2, "excluded_lines": 0, "num_branches": 2, "num_partial_branches": 0, "covered_branches": 2, "missing_branches": 0}, "missing_lines": [447, 449], "excluded_lines": [], "executed_branches": [[443, 444], [443, 455]], "missing_branches": []}, "ProtocolAdapter.refresh_capabilities": {"executed_lines": [481], "summary": {"covered_lines": 1, "num_statements": 1, "percent_covered": 100.0, "percent_covered_display": "100.00", "missing_lines": 0, "excluded_lines": 0, "num_branches": 0, "num_partial_branches": 0, "covered_branches": 0, "missing_branches": 0}, "missing_lines": [], "excluded_lines": [], "executed_branches": [], "missing_branches": []}, "ProtocolAdapter.authenticate": {"executed_lines": [], "summary": {"covered_lines": 0, "num_statements": 1, "percent_covered": 0.0, "percent_covered_display": "0.00", "missing_lines": 1, "excluded_lines": 0, "num_branches": 0, "num_partial_branches": 0, "covered_branches": 0, "missing_branches": 0}, "missing_lines": [522], "excluded_lines": [], "executed_branches": [], "missing_branches": []}, "ProtocolAdapter.supports_streaming": {"executed_lines": [536], "summary": {"covered_lines": 1, "num_statements": 1, "percent_covered": 100.0, "percent_covered_display": "100.00", "missing_lines": 0, "excluded_lines": 0, "num_branches": 0, "num_partial_branches": 0, "covered_branches": 0, "missing_branches": 0}, "missing_lines": [], "excluded_lines": [], "executed_branches": [], "missing_branches": []}, "ProtocolAdapter.supports_batch": {"executed_lines": [549], "summary": {"covered_lines": 1, "num_statements": 1, "percent_covered": 100.0, "percent_covered_display": "100.00", "missing_lines": 0, "excluded_lines": 0, "num_branches": 0, "num_partial_branches": 0, "covered_branches": 0, "missing_branches": 0}, "missing_lines": [], "excluded_lines": [], "executed_branches": [], "missing_branches": []}, "ProtocolAdapter.get_adapter_info": {"executed_lines": [582, 592, 593, 596], "summary": {"covered_lines": 4, "num_statements": 5, "percent_covered": 71.42857142857143, "percent_covered_display": "71.43", "missing_lines": 1, "excluded_lines": 0, "num_branches": 2, "num_partial_branches": 1, "covered_branches": 1, "missing_branches": 1}, "missing_lines": [594], "excluded_lines": [], "executed_branches": [[593, 596]], "missing_branches": [[593, 594]]}, "ProtocolAdapter.get_adapter_metadata": {"executed_lines": [636], "summary": {"covered_lines": 1, "num_statements": 1, "percent_covered": 100.0, "percent_covered_display": "100.00", "missing_lines": 0, "excluded_lines": 0, "num_branches": 0, "num_partial_branches": 0, "covered_branches": 0, "missing_branches": 0}, "missing_lines": [], "excluded_lines": [], "executed_branches": [], "missing_branches": []}, "ProtocolAdapter.__repr__": {"executed_lines": [640], "summary": {"covered_lines": 0, "num_statements": 0, "percent_covered": 100.0, "percent_covered_display": "100.00", "missing_lines": 0, "excluded_lines": 2, "num_branches": 0, "num_partial_branches": 0, "covered_branches": 0, "missing_branches": 0}, "missing_lines": [], "excluded_lines": [639, 640], "executed_branches": [], "missing_branches": []}, "": {"executed_lines": [1, 11, 12, 13, 15, 21, 27, 30, 31, 41, 42, 43, 52, 53, 54, 63, 64, 127, 128, 170, 171, 189, 190, 244, 245, 262, 298, 336, 394, 457, 483, 528, 541, 554, 598, 638, 643], "summary": {"covered_lines": 18, "num_statements": 18, "percent_covered": 100.0, "percent_covered_display": "100.00", "missing_lines": 0, "excluded_lines": 32, "num_branches": 0, "num_partial_branches": 0, "covered_branches": 0, "missing_branches": 0}, "missing_lines": [], "excluded_lines": [41, 42, 43, 52, 53, 54, 63, 64, 65, 66, 67, 127, 128, 129, 130, 131, 170, 171, 172, 173, 174, 189, 190, 191, 192, 193, 244, 245, 246, 247, 248, 638], "executed_branches": [], "missing_branches": []}}, "classes": {"ProtocolAdapter": {"executed_lines": [296, 332, 386, 442, 443, 444, 445, 446, 455, 481, 536, 549, 582, 592, 593, 596, 636, 640], "summary": {"covered_lines": 17, "num_statements": 21, "percent_covered": 80.0, "percent_covered_display": "80.00", "missing_lines": 4, "excluded_lines": 184, "num_branches": 4, "num_partial_branches": 1, "covered_branches": 3, "missing_branches": 1}, "missing_lines": [447, 449, 522, 594], "excluded_lines": [44, 45, 46, 47, 48, 49, 50, 55, 56, 57, 58, 59, 60, 61, 68, 69, 70, 71, 72, 73, 74, 75, 76, 77, 78, 79, 80, 81, 82, 83, 84, 85, 86, 87, 88, 89, 90, 91, 92, 93, 94, 95, 96, 97, 98, 99, 100, 101, 102, 103, 104, 105, 106, 107, 108, 109, 110, 111, 112, 113, 114, 115, 116, 117, 118, 119, 120, 121, 122, 123, 124, 125, 132, 133, 134, 135, 136, 137, 138, 139, 140, 141, 142, 143, 144, 145, 146, 147, 148, 149, 150, 151, 152, 153, 154, 155, 156, 157, 158, 159, 160, 161, 162, 163, 164, 165, 166, 167, 168, 175, 176, 177, 178, 179, 180, 181, 182, 183, 184, 185, 186, 187, 194, 195, 196, 197, 198, 199, 200, 201, 202, 203, 204, 205, 206, 207, 208, 209, 210, 211, 212, 213, 214, 215, 216, 217, 218, 219, 220, 221, 222, 223, 224, 225, 226, 227, 228, 229, 230, 231, 232, 233, 234, 235, 236, 237, 238, 239, 240, 241, 242, 249, 250, 251, 252, 253, 254, 255, 256, 257, 258, 392, 639, 640], "executed_branches": [[443, 444], [443, 455], [593, 596]], "missing_branches": [[593, 594]]}, "": {"executed_lines": [1, 11, 12, 13, 15, 21, 27, 30, 31, 41, 42, 43, 52, 53, 54, 63, 64, 127, 128, 170, 171, 189, 190, 244, 245, 262, 298, 336, 394, 457, 483, 528, 541, 554, 598, 638, 643], "summary": {"covered_lines": 18, "num_statements": 18, "percent_covered": 100.0, "percent_covered_display": "100.00", "missing_lines": 0, "excluded_lines": 32, "num_branches": 0, "num_partial_branches": 0, "covered_branches": 0, "missing_branches": 0}, "missing_lines": [], "excluded_lines": [41, 42, 43, 52, 53, 54, 63, 64, 65, 66, 67, 127, 128, 129, 130, 131, 170, 171, 172, 173, 174, 189, 190, 191, 192, 193, 244, 245, 246, 247, 248, 638], "executed_branches": [], "missing_branches": []}}}, "src/sark/adapters/exceptions.py": {"executed_lines": [1, 8, 11, 12, 14, 31, 32, 33, 34, 35, 37, 53, 54, 55, 58, 59, 60, 63, 64, 65, 68, 69, 71, 91, 92, 94, 118, 119, 120, 123, 124, 126, 149, 150, 152, 172, 173, 175, 203, 204, 206, 226, 227, 228, 231, 232, 234, 249, 250, 251, 254], "summary": {"covered_lines": 37, "num_statements": 63, "percent_covered": 48.10126582278481, "percent_covered_display": "48.10", "missing_lines": 26, "excluded_lines": 0, "num_branches": 16, "num_partial_branches": 1, "covered_branches": 1, "missing_branches": 15}, "missing_lines": [44, 86, 87, 88, 111, 112, 113, 114, 115, 143, 144, 145, 146, 167, 168, 169, 194, 195, 196, 197, 198, 199, 200, 221, 222, 223], "excluded_lines": [], "executed_branches": [[250, 251]], "missing_branches": [[114, -94], [114, 115], [145, -126], [145, 146], [168, -152], [168, 169], [195, 196], [195, 197], [197, 198], [197, 199], [199, -175], [199, 200], [222, -206], [222, 223], [250, -234]], "functions": {"AdapterError.__init__": {"executed_lines": [31, 32, 33, 34, 35], "summary": {"covered_lines": 5, "num_statements": 5, "percent_covered": 100.0, "percent_covered_display": "100.00", "missing_lines": 0, "excluded_lines": 0, "num_branches": 0, "num_partial_branches": 0, "covered_branches": 0, "missing_branches": 0}, "missing_lines": [], "excluded_lines": [], "executed_branches": [], "missing_branches": []}, "AdapterError.to_dict": {"executed_lines": [], "summary": {"covered_lines": 0, "num_statements": 1, "percent_covered": 0.0, "percent_covered_display": "0.00", "missing_lines": 1, "excluded_lines": 0, "num_branches": 0, "num_partial_branches": 0, "covered_branches": 0, "missing_branches": 0}, "missing_lines": [44], "excluded_lines": [], "executed_branches": [], "missing_branches": []}, "ValidationError.__init__": {"executed_lines": [], "summary": {"covered_lines": 0, "num_statements": 3, "percent_covered": 0.0, "percent_covered_display": "0.00", "missing_lines": 3, "excluded_lines": 0, "num_branches": 0, "num_partial_branches": 0, "covered_branches": 0, "missing_branches": 0}, "missing_lines": [86, 87, 88], "excluded_lines": [], "executed_branches": [], "missing_branches": []}, "InvocationError.__init__": {"executed_lines": [], "summary": {"covered_lines": 0, "num_statements": 5, "percent_covered": 0.0, "percent_covered_display": "0.00", "missing_lines": 5, "excluded_lines": 0, "num_branches": 2, "num_partial_branches": 0, "covered_branches": 0, "missing_branches": 2}, "missing_lines": [111, 112, 113, 114, 115], "excluded_lines": [], "executed_branches": [], "missing_branches": [[114, -94], [114, 115]]}, "CapabilityNotFoundError.__init__": {"executed_lines": [], "summary": {"covered_lines": 0, "num_statements": 4, "percent_covered": 0.0, "percent_covered_display": "0.00", "missing_lines": 4, "excluded_lines": 0, "num_branches": 2, "num_partial_branches": 0, "covered_branches": 0, "missing_branches": 2}, "missing_lines": [143, 144, 145, 146], "excluded_lines": [], "executed_branches": [], "missing_branches": [[145, -126], [145, 146]]}, "TimeoutError.__init__": {"executed_lines": [], "summary": {"covered_lines": 0, "num_statements": 3, "percent_covered": 0.0, "percent_covered_display": "0.00", "missing_lines": 3, "excluded_lines": 0, "num_branches": 2, "num_partial_branches": 0, "covered_branches": 0, "missing_branches": 2}, "missing_lines": [167, 168, 169], "excluded_lines": [], "executed_branches": [], "missing_branches": [[168, -152], [168, 169]]}, "ProtocolError.__init__": {"executed_lines": [], "summary": {"covered_lines": 0, "num_statements": 7, "percent_covered": 0.0, "percent_covered_display": "0.00", "missing_lines": 7, "excluded_lines": 0, "num_branches": 6, "num_partial_branches": 0, "covered_branches": 0, "missing_branches": 6}, "missing_lines": [194, 195, 196, 197, 198, 199, 200], "excluded_lines": [], "executed_branches": [], "missing_branches": [[195, 196], [195, 197], [197, 198], [197, 199], [199, -175], [199, 200]]}, "StreamingError.__init__": {"executed_lines": [], "summary": {"covered_lines": 0, "num_statements": 3, "percent_covered": 0.0, "percent_covered_display": "0.00", "missing_lines": 3, "excluded_lines": 0, "num_branches": 2, "num_partial_branches": 0, "covered_branches": 0, "missing_branches": 2}, "missing_lines": [221, 222, 223], "excluded_lines": [], "executed_branches": [], "missing_branches": [[222, -206], [222, 223]]}, "UnsupportedOperationError.__init__": {"executed_lines": [249, 250, 251], "summary": {"covered_lines": 3, "num_statements": 3, "percent_covered": 80.0, "percent_covered_display": "80.00", "missing_lines": 0, "excluded_lines": 0, "num_branches": 2, "num_partial_branches": 1, "covered_branches": 1, "missing_branches": 1}, "missing_lines": [], "excluded_lines": [], "executed_branches": [[250, 251]], "missing_branches": [[250, -234]]}, "": {"executed_lines": [1, 8, 11, 12, 14, 37, 53, 54, 55, 58, 59, 60, 63, 64, 65, 68, 69, 71, 91, 92, 94, 118, 119, 120, 123, 124, 126, 149, 150, 152, 172, 173, 175, 203, 204, 206, 226, 227, 228, 231, 232, 234, 254], "summary": {"covered_lines": 29, "num_statements": 29, "percent_covered": 100.0, "percent_covered_display": "100.00", "missing_lines": 0, "excluded_lines": 0, "num_branches": 0, "num_partial_branches": 0, "covered_branches": 0, "missing_branches": 0}, "missing_lines": [], "excluded_lines": [], "executed_branches": [], "missing_branches": []}}, "classes": {"AdapterError": {"executed_lines": [31, 32, 33, 34, 35], "summary": {"covered_lines": 5, "num_statements": 6, "percent_covered": 83.33333333333333, "percent_covered_display": "83.33", "missing_lines": 1, "excluded_lines": 0, "num_branches": 0, "num_partial_branches": 0, "covered_branches": 0, "missing_branches": 0}, "missing_lines": [44], "excluded_lines": [], "executed_branches": [], "missing_branches": []}, "DiscoveryError": {"executed_lines": [], "summary": {"covered_lines": 0, "num_statements": 0, "percent_covered": 100.0, "percent_covered_display": "100.00", "missing_lines": 0, "excluded_lines": 0, "num_branches": 0, "num_partial_branches": 0, "covered_branches": 0, "missing_branches": 0}, "missing_lines": [], "excluded_lines": [], "executed_branches": [], "missing_branches": []}, "ConnectionError": {"executed_lines": [], "summary": {"covered_lines": 0, "num_statements": 0, "percent_covered": 100.0, "percent_covered_display": "100.00", "missing_lines": 0, "excluded_lines": 0, "num_branches": 0, "num_partial_branches": 0, "covered_branches": 0, "missing_branches": 0}, "missing_lines": [], "excluded_lines": [], "executed_branches": [], "missing_branches": []}, "AuthenticationError": {"executed_lines": [], "summary": {"covered_lines": 0, "num_statements": 0, "percent_covered": 100.0, "percent_covered_display": "100.00", "missing_lines": 0, "excluded_lines": 0, "num_branches": 0, "num_partial_branches": 0, "covered_branches": 0, "missing_branches": 0}, "missing_lines": [], "excluded_lines": [], "executed_branches": [], "missing_branches": []}, "ValidationError": {"executed_lines": [], "summary": {"covered_lines": 0, "num_statements": 3, "percent_covered": 0.0, "percent_covered_display": "0.00", "missing_lines": 3, "excluded_lines": 0, "num_branches": 0, "num_partial_branches": 0, "covered_branches": 0, "missing_branches": 0}, "missing_lines": [86, 87, 88], "excluded_lines": [], "executed_branches": [], "missing_branches": []}, "InvocationError": {"executed_lines": [], "summary": {"covered_lines": 0, "num_statements": 5, "percent_covered": 0.0, "percent_covered_display": "0.00", "missing_lines": 5, "excluded_lines": 0, "num_branches": 2, "num_partial_branches": 0, "covered_branches": 0, "missing_branches": 2}, "missing_lines": [111, 112, 113, 114, 115], "excluded_lines": [], "executed_branches": [], "missing_branches": [[114, -94], [114, 115]]}, "ResourceNotFoundError": {"executed_lines": [], "summary": {"covered_lines": 0, "num_statements": 0, "percent_covered": 100.0, "percent_covered_display": "100.00", "missing_lines": 0, "excluded_lines": 0, "num_branches": 0, "num_partial_branches": 0, "covered_branches": 0, "missing_branches": 0}, "missing_lines": [], "excluded_lines": [], "executed_branches": [], "missing_branches": []}, "CapabilityNotFoundError": {"executed_lines": [], "summary": {"covered_lines": 0, "num_statements": 4, "percent_covered": 0.0, "percent_covered_display": "0.00", "missing_lines": 4, "excluded_lines": 0, "num_branches": 2, "num_partial_branches": 0, "covered_branches": 0, "missing_branches": 2}, "missing_lines": [143, 144, 145, 146], "excluded_lines": [], "executed_branches": [], "missing_branches": [[145, -126], [145, 146]]}, "TimeoutError": {"executed_lines": [], "summary": {"covered_lines": 0, "num_statements": 3, "percent_covered": 0.0, "percent_covered_display": "0.00", "missing_lines": 3, "excluded_lines": 0, "num_branches": 2, "num_partial_branches": 0, "covered_branches": 0, "missing_branches": 2}, "missing_lines": [167, 168, 169], "excluded_lines": [], "executed_branches": [], "missing_branches": [[168, -152], [168, 169]]}, "ProtocolError": {"executed_lines": [], "summary": {"covered_lines": 0, "num_statements": 7, "percent_covered": 0.0, "percent_covered_display": "0.00", "missing_lines": 7, "excluded_lines": 0, "num_branches": 6, "num_partial_branches": 0, "covered_branches": 0, "missing_branches": 6}, "missing_lines": [194, 195, 196, 197, 198, 199, 200], "excluded_lines": [], "executed_branches": [], "missing_branches": [[195, 196], [195, 197], [197, 198], [197, 199], [199, -175], [199, 200]]}, "StreamingError": {"executed_lines": [], "summary": {"covered_lines": 0, "num_statements": 3, "percent_covered": 0.0, "percent_covered_display": "0.00", "missing_lines": 3, "excluded_lines": 0, "num_branches": 2, "num_partial_branches": 0, "covered_branches": 0, "missing_branches": 2}, "missing_lines": [221, 222, 223], "excluded_lines": [], "executed_branches": [], "missing_branches": [[222, -206], [222, 223]]}, "AdapterConfigurationError": {"executed_lines": [], "summary": {"covered_lines": 0, "num_statements": 0, "percent_covered": 100.0, "percent_covered_display": "100.00", "missing_lines": 0, "excluded_lines": 0, "num_branches": 0, "num_partial_branches": 0, "covered_branches": 0, "missing_branches": 0}, "missing_lines": [], "excluded_lines": [], "executed_branches": [], "missing_branches": []}, "UnsupportedOperationError": {"executed_lines": [249, 250, 251], "summary": {"covered_lines": 3, "num_statements": 3, "percent_covered": 80.0, "percent_covered_display": "80.00", "missing_lines": 0, "excluded_lines": 0, "num_branches": 2, "num_partial_branches": 1, "covered_branches": 1, "missing_branches": 1}, "missing_lines": [], "excluded_lines": [], "executed_branches": [[250, 251]], "missing_branches": [[250, -234]]}, "": {"executed_lines": [1, 8, 11, 12, 14, 37, 53, 54, 55, 58, 59, 60, 63, 64, 65, 68, 69, 71, 91, 92, 94, 118, 119, 120, 123, 124, 126, 149, 150, 152, 172, 173, 175, 203, 204, 206, 226, 227, 228, 231, 232, 234, 254], "summary": {"covered_lines": 29, "num_statements": 29, "percent_covered": 100.0, "percent_covered_display": "100.00", "missing_lines": 0, "excluded_lines": 0, "num_branches": 0, "num_partial_branches": 0, "covered_branches": 0, "missing_branches": 0}, "missing_lines": [], "excluded_lines": [], "executed_branches": [], "missing_branches": []}}}, "src/sark/adapters/grpc/__init__.py": {"executed_lines": [], "summary": {"covered_lines": 0, "num_statements": 3, "percent_covered": 0.0, "percent_covered_display": "0.00", "missing_lines": 3, "excluded_lines": 0, "num_branches": 0, "num_partial_branches": 0, "covered_branches": 0, "missing_branches": 0}, "missing_lines": [13, 18, 23], "excluded_lines": [], "executed_branches": [], "missing_branches": [], "functions": {"": {"executed_lines": [], "summary": {"covered_lines": 0, "num_statements": 3, "percent_covered": 0.0, "percent_covered_display": "0.00", "missing_lines": 3, "excluded_lines": 0, "num_branches": 0, "num_partial_branches": 0, "covered_branches": 0, "missing_branches": 0}, "missing_lines": [13, 18, 23], "excluded_lines": [], "executed_branches": [], "missing_branches": []}}, "classes": {"": {"executed_lines": [], "summary": {"covered_lines": 0, "num_statements": 3, "percent_covered": 0.0, "percent_covered_display": "0.00", "missing_lines": 3, "excluded_lines": 0, "num_branches": 0, "num_partial_branches": 0, "covered_branches": 0, "missing_branches": 0}, "missing_lines": [13, 18, 23], "excluded_lines": [], "executed_branches": [], "missing_branches": []}}}, "src/sark/adapters/grpc/auth.py": {"executed_lines": [], "summary": {"covered_lines": 0, "num_statements": 91, "percent_covered": 0.0, "percent_covered_display": "0.00", "missing_lines": 91, "excluded_lines": 0, "num_branches": 30, "num_partial_branches": 0, "covered_branches": 0, "missing_branches": 30}, "missing_lines": [13, 15, 16, 18, 20, 23, 40, 54, 55, 56, 58, 64, 82, 85, 86, 89, 97, 104, 106, 113, 115, 117, 119, 121, 123, 126, 127, 130, 142, 149, 150, 155, 173, 176, 177, 180, 188, 191, 201, 202, 212, 216, 217, 230, 234, 235, 248, 252, 253, 266, 268, 269, 273, 275, 278, 310, 311, 312, 316, 322, 325, 327, 328, 329, 332, 334, 335, 336, 337, 338, 340, 341, 342, 343, 344, 347, 349, 350, 351, 352, 353, 356, 359, 360, 361, 364, 365, 366, 373, 379, 382], "excluded_lines": [], "executed_branches": [], "missing_branches": [[113, 115], [113, 117], [117, 119], [117, 121], [121, 123], [121, 126], [268, 269], [268, 273], [310, 311], [310, 322], [311, 312], [311, 316], [327, 328], [327, 332], [334, 335], [334, 340], [336, 337], [336, 359], [340, 341], [340, 349], [343, 344], [343, 359], [349, 350], [349, 359], [352, 353], [352, 359], [359, 360], [359, 364], [364, 365], [364, 373]], "functions": {"TokenAuthInterceptor.__init__": {"executed_lines": [], "summary": {"covered_lines": 0, "num_statements": 4, "percent_covered": 0.0, "percent_covered_display": "0.00", "missing_lines": 4, "excluded_lines": 0, "num_branches": 0, "num_partial_branches": 0, "covered_branches": 0, "missing_branches": 0}, "missing_lines": [54, 55, 56, 58], "excluded_lines": [], "executed_branches": [], "missing_branches": []}, "TokenAuthInterceptor.intercept_unary_unary": {"executed_lines": [], "summary": {"covered_lines": 0, "num_statements": 6, "percent_covered": 0.0, "percent_covered_display": "0.00", "missing_lines": 6, "excluded_lines": 0, "num_branches": 0, "num_partial_branches": 0, "covered_branches": 0, "missing_branches": 0}, "missing_lines": [82, 85, 86, 89, 97, 104], "excluded_lines": [], "executed_branches": [], "missing_branches": []}, "TokenAuthInterceptor._build_auth_metadata": {"executed_lines": [], "summary": {"covered_lines": 0, "num_statements": 8, "percent_covered": 0.0, "percent_covered_display": "0.00", "missing_lines": 8, "excluded_lines": 0, "num_branches": 6, "num_partial_branches": 0, "covered_branches": 0, "missing_branches": 6}, "missing_lines": [113, 115, 117, 119, 121, 123, 126, 127], "excluded_lines": [], "executed_branches": [], "missing_branches": [[113, 115], [113, 117], [117, 119], [117, 121], [121, 123], [121, 126]]}, "MetadataInjectorInterceptor.__init__": {"executed_lines": [], "summary": {"covered_lines": 0, "num_statements": 2, "percent_covered": 0.0, "percent_covered_display": "0.00", "missing_lines": 2, "excluded_lines": 0, "num_branches": 0, "num_partial_branches": 0, "covered_branches": 0, "missing_branches": 0}, "missing_lines": [149, 150], "excluded_lines": [], "executed_branches": [], "missing_branches": []}, "MetadataInjectorInterceptor.intercept_unary_unary": {"executed_lines": [], "summary": {"covered_lines": 0, "num_statements": 5, "percent_covered": 0.0, "percent_covered_display": "0.00", "missing_lines": 5, "excluded_lines": 0, "num_branches": 0, "num_partial_branches": 0, "covered_branches": 0, "missing_branches": 0}, "missing_lines": [173, 176, 177, 180, 188], "excluded_lines": [], "executed_branches": [], "missing_branches": []}, "AuthenticationHelper.create_bearer_token_interceptor": {"executed_lines": [], "summary": {"covered_lines": 0, "num_statements": 1, "percent_covered": 0.0, "percent_covered_display": "0.00", "missing_lines": 1, "excluded_lines": 0, "num_branches": 0, "num_partial_branches": 0, "covered_branches": 0, "missing_branches": 0}, "missing_lines": [212], "excluded_lines": [], "executed_branches": [], "missing_branches": []}, "AuthenticationHelper.create_api_key_interceptor": {"executed_lines": [], "summary": {"covered_lines": 0, "num_statements": 1, "percent_covered": 0.0, "percent_covered_display": "0.00", "missing_lines": 1, "excluded_lines": 0, "num_branches": 0, "num_partial_branches": 0, "covered_branches": 0, "missing_branches": 0}, "missing_lines": [230], "excluded_lines": [], "executed_branches": [], "missing_branches": []}, "AuthenticationHelper.create_custom_header_interceptor": {"executed_lines": [], "summary": {"covered_lines": 0, "num_statements": 1, "percent_covered": 0.0, "percent_covered_display": "0.00", "missing_lines": 1, "excluded_lines": 0, "num_branches": 0, "num_partial_branches": 0, "covered_branches": 0, "missing_branches": 0}, "missing_lines": [248], "excluded_lines": [], "executed_branches": [], "missing_branches": []}, "AuthenticationHelper.apply_interceptors": {"executed_lines": [], "summary": {"covered_lines": 0, "num_statements": 5, "percent_covered": 0.0, "percent_covered_display": "0.00", "missing_lines": 5, "excluded_lines": 0, "num_branches": 2, "num_partial_branches": 0, "covered_branches": 0, "missing_branches": 2}, "missing_lines": [266, 268, 269, 273, 275], "excluded_lines": [], "executed_branches": [], "missing_branches": [[268, 269], [268, 273]]}, "create_authenticated_channel": {"executed_lines": [], "summary": {"covered_lines": 0, "num_statements": 35, "percent_covered": 0.0, "percent_covered_display": "0.00", "missing_lines": 35, "excluded_lines": 0, "num_branches": 22, "num_partial_branches": 0, "covered_branches": 0, "missing_branches": 22}, "missing_lines": [310, 311, 312, 316, 322, 325, 327, 328, 329, 332, 334, 335, 336, 337, 338, 340, 341, 342, 343, 344, 347, 349, 350, 351, 352, 353, 356, 359, 360, 361, 364, 365, 366, 373, 379], "excluded_lines": [], "executed_branches": [], "missing_branches": [[310, 311], [310, 322], [311, 312], [311, 316], [327, 328], [327, 332], [334, 335], [334, 340], [336, 337], [336, 359], [340, 341], [340, 349], [343, 344], [343, 359], [349, 350], [349, 359], [352, 353], [352, 359], [359, 360], [359, 364], [364, 365], [364, 373]]}, "": {"executed_lines": [], "summary": {"covered_lines": 0, "num_statements": 23, "percent_covered": 0.0, "percent_covered_display": "0.00", "missing_lines": 23, "excluded_lines": 0, "num_branches": 0, "num_partial_branches": 0, "covered_branches": 0, "missing_branches": 0}, "missing_lines": [13, 15, 16, 18, 20, 23, 40, 64, 106, 130, 142, 155, 191, 201, 202, 216, 217, 234, 235, 252, 253, 278, 382], "excluded_lines": [], "executed_branches": [], "missing_branches": []}}, "classes": {"TokenAuthInterceptor": {"executed_lines": [], "summary": {"covered_lines": 0, "num_statements": 18, "percent_covered": 0.0, "percent_covered_display": "0.00", "missing_lines": 18, "excluded_lines": 0, "num_branches": 6, "num_partial_branches": 0, "covered_branches": 0, "missing_branches": 6}, "missing_lines": [54, 55, 56, 58, 82, 85, 86, 89, 97, 104, 113, 115, 117, 119, 121, 123, 126, 127], "excluded_lines": [], "executed_branches": [], "missing_branches": [[113, 115], [113, 117], [117, 119], [117, 121], [121, 123], [121, 126]]}, "MetadataInjectorInterceptor": {"executed_lines": [], "summary": {"covered_lines": 0, "num_statements": 7, "percent_covered": 0.0, "percent_covered_display": "0.00", "missing_lines": 7, "excluded_lines": 0, "num_branches": 0, "num_partial_branches": 0, "covered_branches": 0, "missing_branches": 0}, "missing_lines": [149, 150, 173, 176, 177, 180, 188], "excluded_lines": [], "executed_branches": [], "missing_branches": []}, "AuthenticationHelper": {"executed_lines": [], "summary": {"covered_lines": 0, "num_statements": 8, "percent_covered": 0.0, "percent_covered_display": "0.00", "missing_lines": 8, "excluded_lines": 0, "num_branches": 2, "num_partial_branches": 0, "covered_branches": 0, "missing_branches": 2}, "missing_lines": [212, 230, 248, 266, 268, 269, 273, 275], "excluded_lines": [], "executed_branches": [], "missing_branches": [[268, 269], [268, 273]]}, "": {"executed_lines": [], "summary": {"covered_lines": 0, "num_statements": 58, "percent_covered": 0.0, "percent_covered_display": "0.00", "missing_lines": 58, "excluded_lines": 0, "num_branches": 22, "num_partial_branches": 0, "covered_branches": 0, "missing_branches": 22}, "missing_lines": [13, 15, 16, 18, 20, 23, 40, 64, 106, 130, 142, 155, 191, 201, 202, 216, 217, 234, 235, 252, 253, 278, 310, 311, 312, 316, 322, 325, 327, 328, 329, 332, 334, 335, 336, 337, 338, 340, 341, 342, 343, 344, 347, 349, 350, 351, 352, 353, 356, 359, 360, 361, 364, 365, 366, 373, 379, 382], "excluded_lines": [], "executed_branches": [], "missing_branches": [[310, 311], [310, 322], [311, 312], [311, 316], [327, 328], [327, 332], [334, 335], [334, 340], [336, 337], [336, 359], [340, 341], [340, 349], [343, 344], [343, 359], [349, 350], [349, 359], [352, 353], [352, 359], [359, 360], [359, 364], [364, 365], [364, 373]]}}}, "src/sark/adapters/grpc/reflection.py": {"executed_lines": [], "summary": {"covered_lines": 0, "num_statements": 171, "percent_covered": 0.0, "percent_covered_display": "0.00", "missing_lines": 171, "excluded_lines": 0, "num_branches": 38, "num_partial_branches": 0, "covered_branches": 0, "missing_branches": 38}, "missing_lines": [12, 13, 14, 16, 17, 18, 19, 20, 22, 24, 27, 28, 31, 32, 33, 34, 35, 36, 39, 40, 43, 44, 45, 46, 49, 67, 74, 75, 76, 77, 79, 81, 96, 98, 100, 105, 108, 110, 111, 112, 117, 121, 123, 125, 126, 127, 129, 150, 152, 154, 158, 159, 161, 162, 163, 168, 171, 172, 173, 174, 177, 178, 179, 180, 182, 185, 186, 187, 188, 190, 193, 196, 197, 199, 200, 201, 202, 203, 204, 205, 206, 208, 209, 212, 213, 214, 225, 232, 238, 240, 241, 244, 246, 259, 261, 263, 267, 268, 270, 271, 272, 277, 279, 280, 281, 284, 285, 286, 287, 290, 294, 296, 298, 299, 302, 304, 316, 318, 319, 321, 323, 324, 326, 327, 328, 329, 330, 333, 335, 339, 341, 351, 353, 357, 358, 360, 361, 362, 364, 366, 367, 368, 371, 372, 373, 374, 375, 378, 379, 380, 381, 383, 385, 401, 402, 403, 406, 407, 408, 410, 412, 413, 418, 420, 430, 432, 433, 438, 439, 440, 443], "excluded_lines": [], "executed_branches": [], "missing_branches": [[110, 111], [110, 117], [161, 162], [161, 168], [172, 173], [172, 196], [177, 178], [177, 185], [199, 200], [199, 208], [200, 201], [200, 205], [201, 200], [201, 202], [205, 199], [205, 206], [208, 209], [208, 212], [213, 214], [213, 225], [270, 271], [270, 277], [279, 280], [279, 290], [321, 323], [321, 335], [323, 324], [323, 326], [360, 361], [360, 364], [366, 367], [366, 383], [371, 372], [371, 378], [406, 407], [406, 410], [407, 406], [407, 408]], "functions": {"GRPCReflectionClient.__init__": {"executed_lines": [], "summary": {"covered_lines": 0, "num_statements": 5, "percent_covered": 0.0, "percent_covered_display": "0.00", "missing_lines": 5, "excluded_lines": 0, "num_branches": 0, "num_partial_branches": 0, "covered_branches": 0, "missing_branches": 0}, "missing_lines": [74, 75, 76, 77, 79], "excluded_lines": [], "executed_branches": [], "missing_branches": []}, "GRPCReflectionClient.list_services": {"executed_lines": [], "summary": {"covered_lines": 0, "num_statements": 14, "percent_covered": 0.0, "percent_covered_display": "0.00", "missing_lines": 14, "excluded_lines": 0, "num_branches": 2, "num_partial_branches": 0, "covered_branches": 0, "missing_branches": 2}, "missing_lines": [96, 98, 100, 105, 108, 110, 111, 112, 117, 121, 123, 125, 126, 127], "excluded_lines": [], "executed_branches": [], "missing_branches": [[110, 111], [110, 117]]}, "GRPCReflectionClient.get_service_descriptor": {"executed_lines": [], "summary": {"covered_lines": 0, "num_statements": 45, "percent_covered": 0.0, "percent_covered_display": "0.00", "missing_lines": 45, "excluded_lines": 0, "num_branches": 18, "num_partial_branches": 0, "covered_branches": 0, "missing_branches": 18}, "missing_lines": [150, 152, 154, 158, 159, 161, 162, 163, 168, 171, 172, 173, 174, 177, 178, 179, 180, 182, 185, 186, 187, 188, 190, 193, 196, 197, 199, 200, 201, 202, 203, 204, 205, 206, 208, 209, 212, 213, 214, 225, 232, 238, 240, 241, 244], "excluded_lines": [], "executed_branches": [], "missing_branches": [[161, 162], [161, 168], [172, 173], [172, 196], [177, 178], [177, 185], [199, 200], [199, 208], [200, 201], [200, 205], [201, 200], [201, 202], [205, 199], [205, 206], [208, 209], [208, 212], [213, 214], [213, 225]]}, "GRPCReflectionClient.get_message_descriptor": {"executed_lines": [], "summary": {"covered_lines": 0, "num_statements": 22, "percent_covered": 0.0, "percent_covered_display": "0.00", "missing_lines": 22, "excluded_lines": 0, "num_branches": 4, "num_partial_branches": 0, "covered_branches": 0, "missing_branches": 4}, "missing_lines": [259, 261, 263, 267, 268, 270, 271, 272, 277, 279, 280, 281, 284, 285, 286, 287, 290, 294, 296, 298, 299, 302], "excluded_lines": [], "executed_branches": [], "missing_branches": [[270, 271], [270, 277], [279, 280], [279, 290]]}, "GRPCReflectionClient.get_all_service_info": {"executed_lines": [], "summary": {"covered_lines": 0, "num_statements": 14, "percent_covered": 0.0, "percent_covered_display": "0.00", "missing_lines": 14, "excluded_lines": 0, "num_branches": 4, "num_partial_branches": 0, "covered_branches": 0, "missing_branches": 4}, "missing_lines": [316, 318, 319, 321, 323, 324, 326, 327, 328, 329, 330, 333, 335, 339], "excluded_lines": [], "executed_branches": [], "missing_branches": [[321, 323], [321, 335], [323, 324], [323, 326]]}, "GRPCReflectionClient._load_file_descriptor": {"executed_lines": [], "summary": {"covered_lines": 0, "num_statements": 21, "percent_covered": 0.0, "percent_covered_display": "0.00", "missing_lines": 21, "excluded_lines": 0, "num_branches": 6, "num_partial_branches": 0, "covered_branches": 0, "missing_branches": 6}, "missing_lines": [351, 353, 357, 358, 360, 361, 362, 364, 366, 367, 368, 371, 372, 373, 374, 375, 378, 379, 380, 381, 383], "excluded_lines": [], "executed_branches": [], "missing_branches": [[360, 361], [360, 364], [366, 367], [366, 383], [371, 372], [371, 378]]}, "GRPCReflectionClient.create_request_message": {"executed_lines": [], "summary": {"covered_lines": 0, "num_statements": 10, "percent_covered": 0.0, "percent_covered_display": "0.00", "missing_lines": 10, "excluded_lines": 0, "num_branches": 4, "num_partial_branches": 0, "covered_branches": 0, "missing_branches": 4}, "missing_lines": [401, 402, 403, 406, 407, 408, 410, 412, 413, 418], "excluded_lines": [], "executed_branches": [], "missing_branches": [[406, 407], [406, 410], [407, 406], [407, 408]]}, "GRPCReflectionClient.message_to_dict": {"executed_lines": [], "summary": {"covered_lines": 0, "num_statements": 6, "percent_covered": 0.0, "percent_covered_display": "0.00", "missing_lines": 6, "excluded_lines": 0, "num_branches": 0, "num_partial_branches": 0, "covered_branches": 0, "missing_branches": 0}, "missing_lines": [430, 432, 433, 438, 439, 440], "excluded_lines": [], "executed_branches": [], "missing_branches": []}, "": {"executed_lines": [], "summary": {"covered_lines": 0, "num_statements": 34, "percent_covered": 0.0, "percent_covered_display": "0.00", "missing_lines": 34, "excluded_lines": 0, "num_branches": 0, "num_partial_branches": 0, "covered_branches": 0, "missing_branches": 0}, "missing_lines": [12, 13, 14, 16, 17, 18, 19, 20, 22, 24, 27, 28, 31, 32, 33, 34, 35, 36, 39, 40, 43, 44, 45, 46, 49, 67, 81, 129, 246, 304, 341, 385, 420, 443], "excluded_lines": [], "executed_branches": [], "missing_branches": []}}, "classes": {"MethodInfo": {"executed_lines": [], "summary": {"covered_lines": 0, "num_statements": 0, "percent_covered": 100.0, "percent_covered_display": "100.00", "missing_lines": 0, "excluded_lines": 0, "num_branches": 0, "num_partial_branches": 0, "covered_branches": 0, "missing_branches": 0}, "missing_lines": [], "excluded_lines": [], "executed_branches": [], "missing_branches": []}, "ServiceInfo": {"executed_lines": [], "summary": {"covered_lines": 0, "num_statements": 0, "percent_covered": 100.0, "percent_covered_display": "100.00", "missing_lines": 0, "excluded_lines": 0, "num_branches": 0, "num_partial_branches": 0, "covered_branches": 0, "missing_branches": 0}, "missing_lines": [], "excluded_lines": [], "executed_branches": [], "missing_branches": []}, "GRPCReflectionClient": {"executed_lines": [], "summary": {"covered_lines": 0, "num_statements": 137, "percent_covered": 0.0, "percent_covered_display": "0.00", "missing_lines": 137, "excluded_lines": 0, "num_branches": 38, "num_partial_branches": 0, "covered_branches": 0, "missing_branches": 38}, "missing_lines": [74, 75, 76, 77, 79, 96, 98, 100, 105, 108, 110, 111, 112, 117, 121, 123, 125, 126, 127, 150, 152, 154, 158, 159, 161, 162, 163, 168, 171, 172, 173, 174, 177, 178, 179, 180, 182, 185, 186, 187, 188, 190, 193, 196, 197, 199, 200, 201, 202, 203, 204, 205, 206, 208, 209, 212, 213, 214, 225, 232, 238, 240, 241, 244, 259, 261, 263, 267, 268, 270, 271, 272, 277, 279, 280, 281, 284, 285, 286, 287, 290, 294, 296, 298, 299, 302, 316, 318, 319, 321, 323, 324, 326, 327, 328, 329, 330, 333, 335, 339, 351, 353, 357, 358, 360, 361, 362, 364, 366, 367, 368, 371, 372, 373, 374, 375, 378, 379, 380, 381, 383, 401, 402, 403, 406, 407, 408, 410, 412, 413, 418, 430, 432, 433, 438, 439, 440], "excluded_lines": [], "executed_branches": [], "missing_branches": [[110, 111], [110, 117], [161, 162], [161, 168], [172, 173], [172, 196], [177, 178], [177, 185], [199, 200], [199, 208], [200, 201], [200, 205], [201, 200], [201, 202], [205, 199], [205, 206], [208, 209], [208, 212], [213, 214], [213, 225], [270, 271], [270, 277], [279, 280], [279, 290], [321, 323], [321, 335], [323, 324], [323, 326], [360, 361], [360, 364], [366, 367], [366, 383], [371, 372], [371, 378], [406, 407], [406, 410], [407, 406], [407, 408]]}, "": {"executed_lines": [], "summary": {"covered_lines": 0, "num_statements": 34, "percent_covered": 0.0, "percent_covered_display": "0.00", "missing_lines": 34, "excluded_lines": 0, "num_branches": 0, "num_partial_branches": 0, "covered_branches": 0, "missing_branches": 0}, "missing_lines": [12, 13, 14, 16, 17, 18, 19, 20, 22, 24, 27, 28, 31, 32, 33, 34, 35, 36, 39, 40, 43, 44, 45, 46, 49, 67, 81, 129, 246, 304, 341, 385, 420, 443], "excluded_lines": [], "executed_branches": [], "missing_branches": []}}}, "src/sark/adapters/grpc/streaming.py": {"executed_lines": [], "summary": {"covered_lines": 0, "num_statements": 124, "percent_covered": 0.0, "percent_covered_display": "0.00", "missing_lines": 124, "excluded_lines": 0, "num_branches": 10, "num_partial_branches": 0, "covered_branches": 0, "missing_branches": 10}, "missing_lines": [14, 15, 17, 18, 19, 20, 22, 25, 36, 43, 44, 46, 79, 86, 90, 92, 95, 98, 100, 107, 113, 115, 121, 123, 124, 130, 132, 133, 140, 142, 176, 182, 183, 185, 186, 188, 190, 197, 200, 201, 202, 203, 204, 210, 212, 219, 220, 227, 229, 267, 273, 274, 276, 278, 280, 281, 282, 283, 284, 290, 292, 294, 301, 307, 309, 311, 317, 319, 320, 327, 329, 367, 373, 374, 376, 378, 380, 381, 382, 383, 384, 390, 392, 394, 401, 404, 405, 406, 408, 409, 410, 416, 418, 425, 426, 433, 435, 447, 448, 450, 453, 464, 471, 472, 474, 487, 489, 494, 499, 501, 502, 508, 510, 512, 525, 527, 528, 531, 534, 536, 537, 543, 545, 548], "excluded_lines": [], "executed_branches": [], "missing_branches": [[201, 202], [201, 212], [281, -276], [281, 282], [381, -376], [381, 382], [405, 406], [405, 418], [447, 448], [447, 450]], "functions": {"GRPCStreamHandler.__init__": {"executed_lines": [], "summary": {"covered_lines": 0, "num_statements": 2, "percent_covered": 0.0, "percent_covered_display": "0.00", "missing_lines": 2, "excluded_lines": 0, "num_branches": 0, "num_partial_branches": 0, "covered_branches": 0, "missing_branches": 0}, "missing_lines": [43, 44], "excluded_lines": [], "executed_branches": [], "missing_branches": []}, "GRPCStreamHandler.invoke_unary": {"executed_lines": [], "summary": {"covered_lines": 0, "num_statements": 17, "percent_covered": 0.0, "percent_covered_display": "0.00", "missing_lines": 17, "excluded_lines": 0, "num_branches": 0, "num_partial_branches": 0, "covered_branches": 0, "missing_branches": 0}, "missing_lines": [79, 86, 90, 92, 95, 98, 100, 107, 113, 115, 121, 123, 124, 130, 132, 133, 140], "excluded_lines": [], "executed_branches": [], "missing_branches": []}, "GRPCStreamHandler.invoke_server_streaming": {"executed_lines": [], "summary": {"covered_lines": 0, "num_statements": 18, "percent_covered": 0.0, "percent_covered_display": "0.00", "missing_lines": 18, "excluded_lines": 0, "num_branches": 2, "num_partial_branches": 0, "covered_branches": 0, "missing_branches": 2}, "missing_lines": [176, 182, 183, 185, 186, 188, 190, 197, 200, 201, 202, 203, 204, 210, 212, 219, 220, 227], "excluded_lines": [], "executed_branches": [], "missing_branches": [[201, 202], [201, 212]]}, "GRPCStreamHandler.invoke_client_streaming": {"executed_lines": [], "summary": {"covered_lines": 0, "num_statements": 14, "percent_covered": 0.0, "percent_covered_display": "0.00", "missing_lines": 14, "excluded_lines": 0, "num_branches": 0, "num_partial_branches": 0, "covered_branches": 0, "missing_branches": 0}, "missing_lines": [267, 273, 274, 276, 292, 294, 301, 307, 309, 311, 317, 319, 320, 327], "excluded_lines": [], "executed_branches": [], "missing_branches": []}, "GRPCStreamHandler.invoke_client_streaming.request_generator": {"executed_lines": [], "summary": {"covered_lines": 0, "num_statements": 7, "percent_covered": 0.0, "percent_covered_display": "0.00", "missing_lines": 7, "excluded_lines": 0, "num_branches": 2, "num_partial_branches": 0, "covered_branches": 0, "missing_branches": 2}, "missing_lines": [278, 280, 281, 282, 283, 284, 290], "excluded_lines": [], "executed_branches": [], "missing_branches": [[281, -276], [281, 282]]}, "GRPCStreamHandler.invoke_bidirectional_streaming": {"executed_lines": [], "summary": {"covered_lines": 0, "num_statements": 18, "percent_covered": 0.0, "percent_covered_display": "0.00", "missing_lines": 18, "excluded_lines": 0, "num_branches": 2, "num_partial_branches": 0, "covered_branches": 0, "missing_branches": 2}, "missing_lines": [367, 373, 374, 376, 392, 394, 401, 404, 405, 406, 408, 409, 410, 416, 418, 425, 426, 433], "excluded_lines": [], "executed_branches": [], "missing_branches": [[405, 406], [405, 418]]}, "GRPCStreamHandler.invoke_bidirectional_streaming.request_generator": {"executed_lines": [], "summary": {"covered_lines": 0, "num_statements": 7, "percent_covered": 0.0, "percent_covered_display": "0.00", "missing_lines": 7, "excluded_lines": 0, "num_branches": 2, "num_partial_branches": 0, "covered_branches": 0, "missing_branches": 2}, "missing_lines": [378, 380, 381, 382, 383, 384, 390], "excluded_lines": [], "executed_branches": [], "missing_branches": [[381, -376], [381, 382]]}, "GRPCStreamHandler._build_metadata": {"executed_lines": [], "summary": {"covered_lines": 0, "num_statements": 3, "percent_covered": 0.0, "percent_covered_display": "0.00", "missing_lines": 3, "excluded_lines": 0, "num_branches": 2, "num_partial_branches": 0, "covered_branches": 0, "missing_branches": 2}, "missing_lines": [447, 448, 450], "excluded_lines": [], "executed_branches": [], "missing_branches": [[447, 448], [447, 450]]}, "ProtobufMessageHandler.__init__": {"executed_lines": [], "summary": {"covered_lines": 0, "num_statements": 2, "percent_covered": 0.0, "percent_covered_display": "0.00", "missing_lines": 2, "excluded_lines": 0, "num_branches": 0, "num_partial_branches": 0, "covered_branches": 0, "missing_branches": 0}, "missing_lines": [471, 472], "excluded_lines": [], "executed_branches": [], "missing_branches": []}, "ProtobufMessageHandler.serialize_request": {"executed_lines": [], "summary": {"covered_lines": 0, "num_statements": 8, "percent_covered": 0.0, "percent_covered_display": "0.00", "missing_lines": 8, "excluded_lines": 0, "num_branches": 0, "num_partial_branches": 0, "covered_branches": 0, "missing_branches": 0}, "missing_lines": [487, 489, 494, 499, 501, 502, 508, 510], "excluded_lines": [], "executed_branches": [], "missing_branches": []}, "ProtobufMessageHandler.deserialize_response": {"executed_lines": [], "summary": {"covered_lines": 0, "num_statements": 9, "percent_covered": 0.0, "percent_covered_display": "0.00", "missing_lines": 9, "excluded_lines": 0, "num_branches": 0, "num_partial_branches": 0, "covered_branches": 0, "missing_branches": 0}, "missing_lines": [525, 527, 528, 531, 534, 536, 537, 543, 545], "excluded_lines": [], "executed_branches": [], "missing_branches": []}, "": {"executed_lines": [], "summary": {"covered_lines": 0, "num_statements": 19, "percent_covered": 0.0, "percent_covered_display": "0.00", "missing_lines": 19, "excluded_lines": 0, "num_branches": 0, "num_partial_branches": 0, "covered_branches": 0, "missing_branches": 0}, "missing_lines": [14, 15, 17, 18, 19, 20, 22, 25, 36, 46, 142, 229, 329, 435, 453, 464, 474, 512, 548], "excluded_lines": [], "executed_branches": [], "missing_branches": []}}, "classes": {"GRPCStreamHandler": {"executed_lines": [], "summary": {"covered_lines": 0, "num_statements": 86, "percent_covered": 0.0, "percent_covered_display": "0.00", "missing_lines": 86, "excluded_lines": 0, "num_branches": 10, "num_partial_branches": 0, "covered_branches": 0, "missing_branches": 10}, "missing_lines": [43, 44, 79, 86, 90, 92, 95, 98, 100, 107, 113, 115, 121, 123, 124, 130, 132, 133, 140, 176, 182, 183, 185, 186, 188, 190, 197, 200, 201, 202, 203, 204, 210, 212, 219, 220, 227, 267, 273, 274, 276, 278, 280, 281, 282, 283, 284, 290, 292, 294, 301, 307, 309, 311, 317, 319, 320, 327, 367, 373, 374, 376, 378, 380, 381, 382, 383, 384, 390, 392, 394, 401, 404, 405, 406, 408, 409, 410, 416, 418, 425, 426, 433, 447, 448, 450], "excluded_lines": [], "executed_branches": [], "missing_branches": [[201, 202], [201, 212], [281, -276], [281, 282], [381, -376], [381, 382], [405, 406], [405, 418], [447, 448], [447, 450]]}, "ProtobufMessageHandler": {"executed_lines": [], "summary": {"covered_lines": 0, "num_statements": 19, "percent_covered": 0.0, "percent_covered_display": "0.00", "missing_lines": 19, "excluded_lines": 0, "num_branches": 0, "num_partial_branches": 0, "covered_branches": 0, "missing_branches": 0}, "missing_lines": [471, 472, 487, 489, 494, 499, 501, 502, 508, 510, 525, 527, 528, 531, 534, 536, 537, 543, 545], "excluded_lines": [], "executed_branches": [], "missing_branches": []}, "": {"executed_lines": [], "summary": {"covered_lines": 0, "num_statements": 19, "percent_covered": 0.0, "percent_covered_display": "0.00", "missing_lines": 19, "excluded_lines": 0, "num_branches": 0, "num_partial_branches": 0, "covered_branches": 0, "missing_branches": 0}, "missing_lines": [14, 15, 17, 18, 19, 20, 22, 25, 36, 46, 142, 229, 329, 435, 453, 464, 474, 512, 548], "excluded_lines": [], "executed_branches": [], "missing_branches": []}}}, "src/sark/adapters/grpc_adapter.py": {"executed_lines": [1, 18, 19, 20, 21, 23, 24, 25, 26, 28, 29, 40, 47, 50, 51, 74, 96, 97, 101, 102, 106, 253, 266, 293, 429, 541, 606, 625, 644, 687, 754, 772, 808, 813], "summary": {"covered_lines": 32, "num_statements": 226, "percent_covered": 11.428571428571429, "percent_covered_display": "11.43", "missing_lines": 194, "excluded_lines": 0, "num_branches": 54, "num_partial_branches": 0, "covered_branches": 0, "missing_branches": 54}, "missing_lines": [86, 87, 88, 89, 90, 99, 104, 128, 129, 130, 131, 133, 134, 139, 140, 146, 148, 151, 153, 154, 158, 159, 161, 162, 165, 170, 171, 172, 173, 201, 218, 221, 223, 230, 232, 233, 239, 240, 246, 247, 263, 264, 279, 280, 285, 286, 291, 309, 310, 312, 315, 319, 328, 331, 333, 334, 339, 340, 341, 342, 343, 345, 346, 353, 354, 361, 363, 364, 372, 374, 381, 392, 393, 394, 396, 403, 413, 414, 415, 417, 423, 450, 452, 454, 459, 462, 464, 465, 469, 470, 471, 472, 473, 475, 476, 483, 485, 487, 489, 496, 498, 500, 501, 508, 510, 512, 513, 520, 523, 529, 530, 535, 536, 554, 556, 557, 560, 561, 563, 564, 567, 570, 572, 579, 581, 583, 585, 586, 588, 595, 597, 598, 604, 612, 613, 615, 617, 618, 619, 631, 633, 634, 635, 636, 657, 658, 659, 662, 672, 673, 674, 676, 678, 685, 700, 702, 703, 705, 706, 707, 709, 710, 715, 716, 717, 718, 719, 720, 722, 728, 730, 732, 733, 734, 735, 737, 741, 743, 744, 748, 749, 767, 768, 770, 789, 790, 791, 796, 797, 798, 800, 801, 806, 810], "excluded_lines": [], "executed_branches": [], "missing_branches": [[133, 134], [133, 139], [159, 161], [159, 221], [161, 162], [161, 165], [171, 172], [171, 201], [279, 280], [279, 285], [285, 286], [285, 291], [340, 341], [340, 345], [341, 340], [341, 342], [345, 346], [345, 353], [353, 354], [353, 361], [470, 471], [470, 475], [471, 470], [471, 472], [475, 476], [475, 483], [487, 489], [487, 498], [489, -429], [489, 496], [498, 500], [498, 510], [510, 512], [510, 523], [513, -429], [513, 520], [633, -625], [633, 634], [672, 673], [672, 676], [703, 705], [703, 728], [709, 710], [709, 715], [728, 730], [728, 741], [732, 733], [732, 737], [767, 768], [767, 770], [790, 791], [790, 796], [800, 801], [800, 806]], "functions": {"GRPCAdapter.__init__": {"executed_lines": [], "summary": {"covered_lines": 0, "num_statements": 5, "percent_covered": 0.0, "percent_covered_display": "0.00", "missing_lines": 5, "excluded_lines": 0, "num_branches": 0, "num_partial_branches": 0, "covered_branches": 0, "missing_branches": 0}, "missing_lines": [86, 87, 88, 89, 90], "excluded_lines": [], "executed_branches": [], "missing_branches": []}, "GRPCAdapter.protocol_name": {"executed_lines": [], "summary": {"covered_lines": 0, "num_statements": 1, "percent_covered": 0.0, "percent_covered_display": "0.00", "missing_lines": 1, "excluded_lines": 0, "num_branches": 0, "num_partial_branches": 0, "covered_branches": 0, "missing_branches": 0}, "missing_lines": [99], "excluded_lines": [], "executed_branches": [], "missing_branches": []}, "GRPCAdapter.protocol_version": {"executed_lines": [], "summary": {"covered_lines": 0, "num_statements": 1, "percent_covered": 0.0, "percent_covered_display": "0.00", "missing_lines": 1, "excluded_lines": 0, "num_branches": 0, "num_partial_branches": 0, "covered_branches": 0, "missing_branches": 0}, "missing_lines": [104], "excluded_lines": [], "executed_branches": [], "missing_branches": []}, "GRPCAdapter.discover_resources": {"executed_lines": [], "summary": {"covered_lines": 0, "num_statements": 33, "percent_covered": 0.0, "percent_covered_display": "0.00", "missing_lines": 33, "excluded_lines": 0, "num_branches": 8, "num_partial_branches": 0, "covered_branches": 0, "missing_branches": 8}, "missing_lines": [128, 129, 130, 131, 133, 134, 139, 140, 146, 148, 151, 153, 154, 158, 159, 161, 162, 165, 170, 171, 172, 173, 201, 218, 221, 223, 230, 232, 233, 239, 240, 246, 247], "excluded_lines": [], "executed_branches": [], "missing_branches": [[133, 134], [133, 139], [159, 161], [159, 221], [161, 162], [161, 165], [171, 172], [171, 201]]}, "GRPCAdapter.get_capabilities": {"executed_lines": [], "summary": {"covered_lines": 0, "num_statements": 2, "percent_covered": 0.0, "percent_covered_display": "0.00", "missing_lines": 2, "excluded_lines": 0, "num_branches": 0, "num_partial_branches": 0, "covered_branches": 0, "missing_branches": 0}, "missing_lines": [263, 264], "excluded_lines": [], "executed_branches": [], "missing_branches": []}, "GRPCAdapter.validate_request": {"executed_lines": [], "summary": {"covered_lines": 0, "num_statements": 5, "percent_covered": 0.0, "percent_covered_display": "0.00", "missing_lines": 5, "excluded_lines": 0, "num_branches": 4, "num_partial_branches": 0, "covered_branches": 0, "missing_branches": 4}, "missing_lines": [279, 280, 285, 286, 291], "excluded_lines": [], "executed_branches": [], "missing_branches": [[279, 280], [279, 285], [285, 286], [285, 291]]}, "GRPCAdapter.invoke": {"executed_lines": [], "summary": {"covered_lines": 0, "num_statements": 34, "percent_covered": 0.0, "percent_covered_display": "0.00", "missing_lines": 34, "excluded_lines": 0, "num_branches": 8, "num_partial_branches": 0, "covered_branches": 0, "missing_branches": 8}, "missing_lines": [309, 310, 312, 315, 319, 328, 331, 333, 334, 339, 340, 341, 342, 343, 345, 346, 353, 354, 361, 363, 364, 372, 374, 381, 392, 393, 394, 396, 403, 413, 414, 415, 417, 423], "excluded_lines": [], "executed_branches": [], "missing_branches": [[340, 341], [340, 345], [341, 340], [341, 342], [345, 346], [345, 353], [353, 354], [353, 361]]}, "GRPCAdapter.invoke_streaming": {"executed_lines": [], "summary": {"covered_lines": 0, "num_statements": 32, "percent_covered": 0.0, "percent_covered_display": "0.00", "missing_lines": 32, "excluded_lines": 0, "num_branches": 16, "num_partial_branches": 0, "covered_branches": 0, "missing_branches": 16}, "missing_lines": [450, 452, 454, 459, 462, 464, 465, 469, 470, 471, 472, 473, 475, 476, 483, 485, 487, 489, 496, 498, 500, 501, 508, 510, 512, 513, 520, 523, 529, 530, 535, 536], "excluded_lines": [], "executed_branches": [], "missing_branches": [[470, 471], [470, 475], [471, 470], [471, 472], [475, 476], [475, 483], [487, 489], [487, 498], [489, -429], [489, 496], [498, 500], [498, 510], [510, 512], [510, 523], [513, -429], [513, 520]]}, "GRPCAdapter.health_check": {"executed_lines": [], "summary": {"covered_lines": 0, "num_statements": 20, "percent_covered": 0.0, "percent_covered_display": "0.00", "missing_lines": 20, "excluded_lines": 0, "num_branches": 0, "num_partial_branches": 0, "covered_branches": 0, "missing_branches": 0}, "missing_lines": [554, 556, 557, 560, 561, 563, 564, 567, 570, 572, 579, 581, 583, 585, 586, 588, 595, 597, 598, 604], "excluded_lines": [], "executed_branches": [], "missing_branches": []}, "GRPCAdapter.on_resource_registered": {"executed_lines": [], "summary": {"covered_lines": 0, "num_statements": 6, "percent_covered": 0.0, "percent_covered_display": "0.00", "missing_lines": 6, "excluded_lines": 0, "num_branches": 0, "num_partial_branches": 0, "covered_branches": 0, "missing_branches": 0}, "missing_lines": [612, 613, 615, 617, 618, 619], "excluded_lines": [], "executed_branches": [], "missing_branches": []}, "GRPCAdapter.on_resource_unregistered": {"executed_lines": [], "summary": {"covered_lines": 0, "num_statements": 5, "percent_covered": 0.0, "percent_covered_display": "0.00", "missing_lines": 5, "excluded_lines": 0, "num_branches": 2, "num_partial_branches": 0, "covered_branches": 0, "missing_branches": 2}, "missing_lines": [631, 633, 634, 635, 636], "excluded_lines": [], "executed_branches": [], "missing_branches": [[633, -625], [633, 634]]}, "GRPCAdapter._create_channel": {"executed_lines": [], "summary": {"covered_lines": 0, "num_statements": 10, "percent_covered": 0.0, "percent_covered_display": "0.00", "missing_lines": 10, "excluded_lines": 0, "num_branches": 2, "num_partial_branches": 0, "covered_branches": 0, "missing_branches": 2}, "missing_lines": [657, 658, 659, 662, 672, 673, 674, 676, 678, 685], "excluded_lines": [], "executed_branches": [], "missing_branches": [[672, 673], [672, 676]]}, "GRPCAdapter._create_credentials": {"executed_lines": [], "summary": {"covered_lines": 0, "num_statements": 27, "percent_covered": 0.0, "percent_covered_display": "0.00", "missing_lines": 27, "excluded_lines": 0, "num_branches": 8, "num_partial_branches": 0, "covered_branches": 0, "missing_branches": 8}, "missing_lines": [700, 702, 703, 705, 706, 707, 709, 710, 715, 716, 717, 718, 719, 720, 722, 728, 730, 732, 733, 734, 735, 737, 741, 743, 744, 748, 749], "excluded_lines": [], "executed_branches": [], "missing_branches": [[703, 705], [703, 728], [709, 710], [709, 715], [728, 730], [728, 741], [732, 733], [732, 737]]}, "GRPCAdapter._get_channel": {"executed_lines": [], "summary": {"covered_lines": 0, "num_statements": 3, "percent_covered": 0.0, "percent_covered_display": "0.00", "missing_lines": 3, "excluded_lines": 0, "num_branches": 2, "num_partial_branches": 0, "covered_branches": 0, "missing_branches": 2}, "missing_lines": [767, 768, 770], "excluded_lines": [], "executed_branches": [], "missing_branches": [[767, 768], [767, 770]]}, "GRPCAdapter._parse_capability_id": {"executed_lines": [], "summary": {"covered_lines": 0, "num_statements": 9, "percent_covered": 0.0, "percent_covered_display": "0.00", "missing_lines": 9, "excluded_lines": 0, "num_branches": 4, "num_partial_branches": 0, "covered_branches": 0, "missing_branches": 4}, "missing_lines": [789, 790, 791, 796, 797, 798, 800, 801, 806], "excluded_lines": [], "executed_branches": [], "missing_branches": [[790, 791], [790, 796], [800, 801], [800, 806]]}, "GRPCAdapter.supports_streaming": {"executed_lines": [], "summary": {"covered_lines": 0, "num_statements": 1, "percent_covered": 0.0, "percent_covered_display": "0.00", "missing_lines": 1, "excluded_lines": 0, "num_branches": 0, "num_partial_branches": 0, "covered_branches": 0, "missing_branches": 0}, "missing_lines": [810], "excluded_lines": [], "executed_branches": [], "missing_branches": []}, "": {"executed_lines": [1, 18, 19, 20, 21, 23, 24, 25, 26, 28, 29, 40, 47, 50, 51, 74, 96, 97, 101, 102, 106, 253, 266, 293, 429, 541, 606, 625, 644, 687, 754, 772, 808, 813], "summary": {"covered_lines": 32, "num_statements": 32, "percent_covered": 100.0, "percent_covered_display": "100.00", "missing_lines": 0, "excluded_lines": 0, "num_branches": 0, "num_partial_branches": 0, "covered_branches": 0, "missing_branches": 0}, "missing_lines": [], "excluded_lines": [], "executed_branches": [], "missing_branches": []}}, "classes": {"GRPCAdapter": {"executed_lines": [], "summary": {"covered_lines": 0, "num_statements": 194, "percent_covered": 0.0, "percent_covered_display": "0.00", "missing_lines": 194, "excluded_lines": 0, "num_branches": 54, "num_partial_branches": 0, "covered_branches": 0, "missing_branches": 54}, "missing_lines": [86, 87, 88, 89, 90, 99, 104, 128, 129, 130, 131, 133, 134, 139, 140, 146, 148, 151, 153, 154, 158, 159, 161, 162, 165, 170, 171, 172, 173, 201, 218, 221, 223, 230, 232, 233, 239, 240, 246, 247, 263, 264, 279, 280, 285, 286, 291, 309, 310, 312, 315, 319, 328, 331, 333, 334, 339, 340, 341, 342, 343, 345, 346, 353, 354, 361, 363, 364, 372, 374, 381, 392, 393, 394, 396, 403, 413, 414, 415, 417, 423, 450, 452, 454, 459, 462, 464, 465, 469, 470, 471, 472, 473, 475, 476, 483, 485, 487, 489, 496, 498, 500, 501, 508, 510, 512, 513, 520, 523, 529, 530, 535, 536, 554, 556, 557, 560, 561, 563, 564, 567, 570, 572, 579, 581, 583, 585, 586, 588, 595, 597, 598, 604, 612, 613, 615, 617, 618, 619, 631, 633, 634, 635, 636, 657, 658, 659, 662, 672, 673, 674, 676, 678, 685, 700, 702, 703, 705, 706, 707, 709, 710, 715, 716, 717, 718, 719, 720, 722, 728, 730, 732, 733, 734, 735, 737, 741, 743, 744, 748, 749, 767, 768, 770, 789, 790, 791, 796, 797, 798, 800, 801, 806, 810], "excluded_lines": [], "executed_branches": [], "missing_branches": [[133, 134], [133, 139], [159, 161], [159, 221], [161, 162], [161, 165], [171, 172], [171, 201], [279, 280], [279, 285], [285, 286], [285, 291], [340, 341], [340, 345], [341, 340], [341, 342], [345, 346], [345, 353], [353, 354], [353, 361], [470, 471], [470, 475], [471, 470], [471, 472], [475, 476], [475, 483], [487, 489], [487, 498], [489, -429], [489, 496], [498, 500], [498, 510], [510, 512], [510, 523], [513, -429], [513, 520], [633, -625], [633, 634], [672, 673], [672, 676], [703, 705], [703, 728], [709, 710], [709, 715], [728, 730], [728, 741], [732, 733], [732, 737], [767, 768], [767, 770], [790, 791], [790, 796], [800, 801], [800, 806]]}, "": {"executed_lines": [1, 18, 19, 20, 21, 23, 24, 25, 26, 28, 29, 40, 47, 50, 51, 74, 96, 97, 101, 102, 106, 253, 266, 293, 429, 541, 606, 625, 644, 687, 754, 772, 808, 813], "summary": {"covered_lines": 32, "num_statements": 32, "percent_covered": 100.0, "percent_covered_display": "100.00", "missing_lines": 0, "excluded_lines": 0, "num_branches": 0, "num_partial_branches": 0, "covered_branches": 0, "missing_branches": 0}, "missing_lines": [], "excluded_lines": [], "executed_branches": [], "missing_branches": []}}}, "src/sark/adapters/http/__init__.py": {"executed_lines": [1, 12, 13, 21, 23], "summary": {"covered_lines": 4, "num_statements": 4, "percent_covered": 100.0, "percent_covered_display": "100.00", "missing_lines": 0, "excluded_lines": 0, "num_branches": 0, "num_partial_branches": 0, "covered_branches": 0, "missing_branches": 0}, "missing_lines": [], "excluded_lines": [], "executed_branches": [], "missing_branches": [], "functions": {"": {"executed_lines": [1, 12, 13, 21, 23], "summary": {"covered_lines": 4, "num_statements": 4, "percent_covered": 100.0, "percent_covered_display": "100.00", "missing_lines": 0, "excluded_lines": 0, "num_branches": 0, "num_partial_branches": 0, "covered_branches": 0, "missing_branches": 0}, "missing_lines": [], "excluded_lines": [], "executed_branches": [], "missing_branches": []}}, "classes": {"": {"executed_lines": [1, 12, 13, 21, 23], "summary": {"covered_lines": 4, "num_statements": 4, "percent_covered": 100.0, "percent_covered_display": "100.00", "missing_lines": 0, "excluded_lines": 0, "num_branches": 0, "num_partial_branches": 0, "covered_branches": 0, "missing_branches": 0}, "missing_lines": [], "excluded_lines": [], "executed_branches": [], "missing_branches": []}}}, "src/sark/adapters/http/authentication.py": {"executed_lines": [1, 15, 16, 17, 18, 19, 20, 22, 24, 27, 28, 37, 38, 47, 48, 57, 58, 74, 75, 77, 81, 85, 90, 91, 97, 108, 114, 118, 128, 129, 136, 161, 165, 208, 218, 219, 228, 261, 270, 337, 358, 359, 368, 392, 404, 408, 426, 508], "summary": {"covered_lines": 35, "num_statements": 155, "percent_covered": 16.74641148325359, "percent_covered_display": "16.75", "missing_lines": 120, "excluded_lines": 33, "num_branches": 54, "num_partial_branches": 0, "covered_branches": 0, "missing_branches": 54}, "missing_lines": [79, 83, 87, 105, 106, 110, 111, 112, 116, 120, 121, 125, 154, 155, 156, 157, 158, 159, 163, 172, 173, 174, 176, 177, 178, 187, 189, 190, 193, 194, 197, 198, 200, 202, 203, 210, 211, 215, 250, 251, 252, 253, 254, 255, 256, 257, 258, 259, 263, 264, 268, 277, 278, 284, 285, 287, 288, 289, 293, 294, 295, 296, 297, 301, 303, 304, 305, 307, 308, 310, 311, 313, 314, 316, 322, 323, 331, 332, 339, 340, 342, 343, 348, 349, 350, 355, 382, 383, 384, 386, 387, 394, 395, 396, 398, 399, 400, 401, 402, 406, 410, 411, 416, 417, 418, 423, 461, 463, 464, 465, 466, 470, 471, 478, 479, 488, 489, 495, 503, 505], "excluded_lines": [37, 38, 39, 40, 41, 42, 43, 44, 45, 47, 48, 49, 50, 51, 52, 53, 54, 55, 57, 58, 59, 60, 61, 62, 63, 64, 65, 66, 67, 68, 69, 70, 71], "executed_branches": [], "missing_branches": [[120, 121], [120, 125], [172, 173], [172, 176], [193, 194], [193, 197], [197, 198], [197, 200], [210, 211], [210, 215], [263, 264], [263, 268], [284, 285], [284, 287], [287, 288], [287, 295], [288, 289], [288, 293], [295, 296], [295, 303], [296, 297], [296, 301], [310, 311], [310, 313], [313, 314], [313, 316], [342, 343], [342, 348], [348, 349], [348, 355], [349, 350], [349, 355], [386, -368], [386, 387], [394, 395], [394, 396], [396, 398], [396, 401], [401, -392], [401, 402], [410, 411], [410, 416], [417, 418], [417, 423], [463, 464], [463, 465], [465, 466], [465, 470], [470, 471], [470, 478], [478, 479], [478, 488], [488, 489], [488, 495]], "functions": {"AuthStrategy.apply": {"executed_lines": [], "summary": {"covered_lines": 0, "num_statements": 0, "percent_covered": 100.0, "percent_covered_display": "100.00", "missing_lines": 0, "excluded_lines": 7, "num_branches": 0, "num_partial_branches": 0, "covered_branches": 0, "missing_branches": 0}, "missing_lines": [], "excluded_lines": [39, 40, 41, 42, 43, 44, 45], "executed_branches": [], "missing_branches": []}, "AuthStrategy.refresh": {"executed_lines": [], "summary": {"covered_lines": 0, "num_statements": 0, "percent_covered": 100.0, "percent_covered_display": "100.00", "missing_lines": 0, "excluded_lines": 7, "num_branches": 0, "num_partial_branches": 0, "covered_branches": 0, "missing_branches": 0}, "missing_lines": [], "excluded_lines": [49, 50, 51, 52, 53, 54, 55], "executed_branches": [], "missing_branches": []}, "AuthStrategy.validate_config": {"executed_lines": [], "summary": {"covered_lines": 0, "num_statements": 0, "percent_covered": 100.0, "percent_covered_display": "100.00", "missing_lines": 0, "excluded_lines": 13, "num_branches": 0, "num_partial_branches": 0, "covered_branches": 0, "missing_branches": 0}, "missing_lines": [], "excluded_lines": [59, 60, 61, 62, 63, 64, 65, 66, 67, 68, 69, 70, 71], "executed_branches": [], "missing_branches": []}, "NoAuthStrategy.apply": {"executed_lines": [], "summary": {"covered_lines": 0, "num_statements": 1, "percent_covered": 0.0, "percent_covered_display": "0.00", "missing_lines": 1, "excluded_lines": 0, "num_branches": 0, "num_partial_branches": 0, "covered_branches": 0, "missing_branches": 0}, "missing_lines": [79], "excluded_lines": [], "executed_branches": [], "missing_branches": []}, "NoAuthStrategy.refresh": {"executed_lines": [], "summary": {"covered_lines": 0, "num_statements": 1, "percent_covered": 0.0, "percent_covered_display": "0.00", "missing_lines": 1, "excluded_lines": 0, "num_branches": 0, "num_partial_branches": 0, "covered_branches": 0, "missing_branches": 0}, "missing_lines": [83], "excluded_lines": [], "executed_branches": [], "missing_branches": []}, "NoAuthStrategy.validate_config": {"executed_lines": [], "summary": {"covered_lines": 0, "num_statements": 1, "percent_covered": 0.0, "percent_covered_display": "0.00", "missing_lines": 1, "excluded_lines": 0, "num_branches": 0, "num_partial_branches": 0, "covered_branches": 0, "missing_branches": 0}, "missing_lines": [87], "excluded_lines": [], "executed_branches": [], "missing_branches": []}, "BasicAuthStrategy.__init__": {"executed_lines": [], "summary": {"covered_lines": 0, "num_statements": 2, "percent_covered": 0.0, "percent_covered_display": "0.00", "missing_lines": 2, "excluded_lines": 0, "num_branches": 0, "num_partial_branches": 0, "covered_branches": 0, "missing_branches": 0}, "missing_lines": [105, 106], "excluded_lines": [], "executed_branches": [], "missing_branches": []}, "BasicAuthStrategy.apply": {"executed_lines": [], "summary": {"covered_lines": 0, "num_statements": 3, "percent_covered": 0.0, "percent_covered_display": "0.00", "missing_lines": 3, "excluded_lines": 0, "num_branches": 0, "num_partial_branches": 0, "covered_branches": 0, "missing_branches": 0}, "missing_lines": [110, 111, 112], "excluded_lines": [], "executed_branches": [], "missing_branches": []}, "BasicAuthStrategy.refresh": {"executed_lines": [], "summary": {"covered_lines": 0, "num_statements": 1, "percent_covered": 0.0, "percent_covered_display": "0.00", "missing_lines": 1, "excluded_lines": 0, "num_branches": 0, "num_partial_branches": 0, "covered_branches": 0, "missing_branches": 0}, "missing_lines": [116], "excluded_lines": [], "executed_branches": [], "missing_branches": []}, "BasicAuthStrategy.validate_config": {"executed_lines": [], "summary": {"covered_lines": 0, "num_statements": 3, "percent_covered": 0.0, "percent_covered_display": "0.00", "missing_lines": 3, "excluded_lines": 0, "num_branches": 2, "num_partial_branches": 0, "covered_branches": 0, "missing_branches": 2}, "missing_lines": [120, 121, 125], "excluded_lines": [], "executed_branches": [], "missing_branches": [[120, 121], [120, 125]]}, "BearerAuthStrategy.__init__": {"executed_lines": [], "summary": {"covered_lines": 0, "num_statements": 6, "percent_covered": 0.0, "percent_covered_display": "0.00", "missing_lines": 6, "excluded_lines": 0, "num_branches": 0, "num_partial_branches": 0, "covered_branches": 0, "missing_branches": 0}, "missing_lines": [154, 155, 156, 157, 158, 159], "excluded_lines": [], "executed_branches": [], "missing_branches": []}, "BearerAuthStrategy.apply": {"executed_lines": [], "summary": {"covered_lines": 0, "num_statements": 1, "percent_covered": 0.0, "percent_covered_display": "0.00", "missing_lines": 1, "excluded_lines": 0, "num_branches": 0, "num_partial_branches": 0, "covered_branches": 0, "missing_branches": 0}, "missing_lines": [163], "excluded_lines": [], "executed_branches": [], "missing_branches": []}, "BearerAuthStrategy.refresh": {"executed_lines": [], "summary": {"covered_lines": 0, "num_statements": 16, "percent_covered": 0.0, "percent_covered_display": "0.00", "missing_lines": 16, "excluded_lines": 0, "num_branches": 6, "num_partial_branches": 0, "covered_branches": 0, "missing_branches": 6}, "missing_lines": [172, 173, 174, 176, 177, 178, 187, 189, 190, 193, 194, 197, 198, 200, 202, 203], "excluded_lines": [], "executed_branches": [], "missing_branches": [[172, 173], [172, 176], [193, 194], [193, 197], [197, 198], [197, 200]]}, "BearerAuthStrategy.validate_config": {"executed_lines": [], "summary": {"covered_lines": 0, "num_statements": 3, "percent_covered": 0.0, "percent_covered_display": "0.00", "missing_lines": 3, "excluded_lines": 0, "num_branches": 2, "num_partial_branches": 0, "covered_branches": 0, "missing_branches": 2}, "missing_lines": [210, 211, 215], "excluded_lines": [], "executed_branches": [], "missing_branches": [[210, 211], [210, 215]]}, "OAuth2Strategy.__init__": {"executed_lines": [], "summary": {"covered_lines": 0, "num_statements": 10, "percent_covered": 0.0, "percent_covered_display": "0.00", "missing_lines": 10, "excluded_lines": 0, "num_branches": 0, "num_partial_branches": 0, "covered_branches": 0, "missing_branches": 0}, "missing_lines": [250, 251, 252, 253, 254, 255, 256, 257, 258, 259], "excluded_lines": [], "executed_branches": [], "missing_branches": []}, "OAuth2Strategy.apply": {"executed_lines": [], "summary": {"covered_lines": 0, "num_statements": 3, "percent_covered": 0.0, "percent_covered_display": "0.00", "missing_lines": 3, "excluded_lines": 0, "num_branches": 2, "num_partial_branches": 0, "covered_branches": 0, "missing_branches": 2}, "missing_lines": [263, 264, 268], "excluded_lines": [], "executed_branches": [], "missing_branches": [[263, 264], [263, 268]]}, "OAuth2Strategy.refresh": {"executed_lines": [], "summary": {"covered_lines": 0, "num_statements": 27, "percent_covered": 0.0, "percent_covered_display": "0.00", "missing_lines": 27, "excluded_lines": 0, "num_branches": 14, "num_partial_branches": 0, "covered_branches": 0, "missing_branches": 14}, "missing_lines": [277, 278, 284, 285, 287, 288, 289, 293, 294, 295, 296, 297, 301, 303, 304, 305, 307, 308, 310, 311, 313, 314, 316, 322, 323, 331, 332], "excluded_lines": [], "executed_branche
[...]
: 0, "num_partial_branches": 0, "covered_branches": 0, "missing_branches": 0}, "missing_lines": [], "excluded_lines": [], "executed_branches": [], "missing_branches": []}}}, "src/sark/services/policy/sandbox.py": {"executed_lines": [], "summary": {"covered_lines": 0, "num_statements": 109, "percent_covered": 0.0, "percent_covered_display": "0.00", "missing_lines": 109, "excluded_lines": 0, "num_branches": 26, "num_partial_branches": 0, "covered_branches": 0, "missing_branches": 26}, "missing_lines": [7, 8, 9, 10, 11, 12, 13, 15, 18, 29, 36, 37, 38, 39, 42, 45, 46, 47, 48, 51, 58, 65, 67, 68, 74, 76, 77, 78, 81, 82, 83, 85, 87, 88, 89, 90, 91, 92, 95, 96, 97, 101, 102, 105, 106, 107, 111, 112, 114, 118, 119, 120, 121, 122, 123, 124, 125, 126, 128, 153, 155, 159, 161, 162, 166, 171, 172, 176, 181, 182, 183, 184, 188, 191, 199, 219, 237, 244, 245, 246, 247, 249, 256, 259, 260, 265, 266, 269, 270, 271, 274, 279, 284, 286, 287, 288, 289, 291, 293, 294, 295, 298, 309, 322, 324, 325, 326, 328, 331], "excluded_lines": [], "executed_branches": [], "missing_branches": [[74, 76], [74, 81], [119, 120], [119, 121], [121, 122], [121, 123], [123, -67], [123, 124], [182, 183], [182, 188], [245, 246], [245, 247], [259, 260], [259, 265], [265, 266], [265, 269], [269, 270], [269, 274], [270, 269], [270, 271], [294, -291], [294, 295], [324, 325], [324, 328], [325, 324], [325, 326]], "functions": {"ResourceLimits.__init__": {"executed_lines": [], "summary": {"covered_lines": 0, "num_statements": 4, "percent_covered": 0.0, "percent_covered_display": "0.00", "missing_lines": 4, "excluded_lines": 0, "num_branches": 0, "num_partial_branches": 0, "covered_branches": 0, "missing_branches": 0}, "missing_lines": [36, 37, 38, 39], "excluded_lines": [], "executed_branches": [], "missing_branches": []}, "SandboxViolation.__init__": {"executed_lines": [], "summary": {"covered_lines": 0, "num_statements": 3, "percent_covered": 0.0, "percent_covered_display": "0.00", "missing_lines": 3, "excluded_lines": 0, "num_branches": 0, "num_partial_branches": 0, "covered_branches": 0, "missing_branches": 0}, "missing_lines": [46, 47, 48], "excluded_lines": [], "executed_branches": [], "missing_branches": []}, "PolicyPluginSandbox.__init__": {"executed_lines": [], "summary": {"covered_lines": 0, "num_statements": 1, "percent_covered": 0.0, "percent_covered_display": "0.00", "missing_lines": 1, "excluded_lines": 0, "num_branches": 0, "num_partial_branches": 0, "covered_branches": 0, "missing_branches": 0}, "missing_lines": [65], "excluded_lines": [], "executed_branches": [], "missing_branches": []}, "PolicyPluginSandbox._apply_resource_limits": {"executed_lines": [], "summary": {"covered_lines": 0, "num_statements": 34, "percent_covered": 0.0, "percent_covered_display": "0.00", "missing_lines": 34, "excluded_lines": 0, "num_branches": 8, "num_partial_branches": 0, "covered_branches": 0, "missing_branches": 8}, "missing_lines": [74, 76, 77, 78, 81, 82, 83, 85, 87, 88, 89, 90, 91, 92, 95, 96, 97, 101, 102, 105, 106, 107, 111, 112, 114, 118, 119, 120, 121, 122, 123, 124, 125, 126], "excluded_lines": [], "executed_branches": [], "missing_branches": [[74, 76], [74, 81], [119, 120], [119, 121], [121, 122], [121, 123], [123, -67], [123, 124]]}, "PolicyPluginSandbox.execute": {"executed_lines": [], "summary": {"covered_lines": 0, "num_statements": 14, "percent_covered": 0.0, "percent_covered_display": "0.00", "missing_lines": 14, "excluded_lines": 0, "num_branches": 2, "num_partial_branches": 0, "covered_branches": 0, "missing_branches": 2}, "missing_lines": [153, 155, 159, 161, 162, 166, 171, 172, 176, 181, 182, 183, 184, 188], "excluded_lines": [], "executed_branches": [], "missing_branches": [[182, 183], [182, 188]]}, "RestrictedImportContext.__init__": {"executed_lines": [], "summary": {"covered_lines": 0, "num_statements": 4, "percent_covered": 0.0, "percent_covered_display": "0.00", "missing_lines": 4, "excluded_lines": 0, "num_branches": 2, "num_partial_branches": 0, "covered_branches": 0, "missing_branches": 2}, "missing_lines": [244, 245, 246, 247], "excluded_lines": [], "executed_branches": [], "missing_branches": [[245, 246], [245, 247]]}, "RestrictedImportContext._restricted_import": {"executed_lines": [], "summary": {"covered_lines": 0, "num_statements": 10, "percent_covered": 0.0, "percent_covered_display": "0.00", "missing_lines": 10, "excluded_lines": 0, "num_branches": 8, "num_partial_branches": 0, "covered_branches": 0, "missing_branches": 8}, "missing_lines": [256, 259, 260, 265, 266, 269, 270, 271, 274, 279], "excluded_lines": [], "executed_branches": [], "missing_branches": [[259, 260], [259, 265], [265, 266], [265, 269], [269, 270], [269, 274], [270, 269], [270, 271]]}, "RestrictedImportContext.__enter__": {"executed_lines": [], "summary": {"covered_lines": 0, "num_statements": 4, "percent_covered": 0.0, "percent_covered_display": "0.00", "missing_lines": 4, "excluded_lines": 0, "num_branches": 0, "num_partial_branches": 0, "covered_branches": 0, "missing_branches": 0}, "missing_lines": [286, 287, 288, 289], "excluded_lines": [], "executed_branches": [], "missing_branches": []}, "RestrictedImportContext.__exit__": {"executed_lines": [], "summary": {"covered_lines": 0, "num_statements": 3, "percent_covered": 0.0, "percent_covered_display": "0.00", "missing_lines": 3, "excluded_lines": 0, "num_branches": 2, "num_partial_branches": 0, "covered_branches": 0, "missing_branches": 2}, "missing_lines": [293, 294, 295], "excluded_lines": [], "executed_branches": [], "missing_branches": [[294, -291], [294, 295]]}, "validate_plugin_code": {"executed_lines": [], "summary": {"covered_lines": 0, "num_statements": 6, "percent_covered": 0.0, "percent_covered_display": "0.00", "missing_lines": 6, "excluded_lines": 0, "num_branches": 4, "num_partial_branches": 0, "covered_branches": 0, "missing_branches": 4}, "missing_lines": [309, 322, 324, 325, 326, 328], "excluded_lines": [], "executed_branches": [], "missing_branches": [[324, 325], [324, 328], [325, 324], [325, 326]]}, "": {"executed_lines": [], "summary": {"covered_lines": 0, "num_statements": 26, "percent_covered": 0.0, "percent_covered_display": "0.00", "missing_lines": 26, "excluded_lines": 0, "num_branches": 0, "num_partial_branches": 0, "covered_branches": 0, "missing_branches": 0}, "missing_lines": [7, 8, 9, 10, 11, 12, 13, 15, 18, 29, 42, 45, 51, 58, 67, 68, 128, 191, 199, 219, 237, 249, 284, 291, 298, 331], "excluded_lines": [], "executed_branches": [], "missing_branches": []}}, "classes": {"ResourceLimits": {"executed_lines": [], "summary": {"covered_lines": 0, "num_statements": 4, "percent_covered": 0.0, "percent_covered_display": "0.00", "missing_lines": 4, "excluded_lines": 0, "num_branches": 0, "num_partial_branches": 0, "covered_branches": 0, "missing_branches": 0}, "missing_lines": [36, 37, 38, 39], "excluded_lines": [], "executed_branches": [], "missing_branches": []}, "SandboxViolation": {"executed_lines": [], "summary": {"covered_lines": 0, "num_statements": 3, "percent_covered": 0.0, "percent_covered_display": "0.00", "missing_lines": 3, "excluded_lines": 0, "num_branches": 0, "num_partial_branches": 0, "covered_branches": 0, "missing_branches": 0}, "missing_lines": [46, 47, 48], "excluded_lines": [], "executed_branches": [], "missing_branches": []}, "PolicyPluginSandbox": {"executed_lines": [], "summary": {"covered_lines": 0, "num_statements": 49, "percent_covered": 0.0, "percent_covered_display": "0.00", "missing_lines": 49, "excluded_lines": 0, "num_branches": 10, "num_partial_branches": 0, "covered_branches": 0, "missing_branches": 10}, "missing_lines": [65, 74, 76, 77, 78, 81, 82, 83, 85, 87, 88, 89, 90, 91, 92, 95, 96, 97, 101, 102, 105, 106, 107, 111, 112, 114, 118, 119, 120, 121, 122, 123, 124, 125, 126, 153, 155, 159, 161, 162, 166, 171, 172, 176, 181, 182, 183, 184, 188], "excluded_lines": [], "executed_branches": [], "missing_branches": [[74, 76], [74, 81], [119, 120], [119, 121], [121, 122], [121, 123], [123, -67], [123, 124], [182, 183], [182, 188]]}, "RestrictedImportContext": {"executed_lines": [], "summary": {"covered_lines": 0, "num_statements": 21, "percent_covered": 0.0, "percent_covered_display": "0.00", "missing_lines": 21, "excluded_lines": 0, "num_branches": 12, "num_partial_branches": 0, "covered_branches": 0, "missing_branches": 12}, "missing_lines": [244, 245, 246, 247, 256, 259, 260, 265, 266, 269, 270, 271, 274, 279, 286, 287, 288, 289, 293, 294, 295], "excluded_lines": [], "executed_branches": [], "missing_branches": [[245, 246], [245, 247], [259, 260], [259, 265], [265, 266], [265, 269], [269, 270], [269, 274], [270, 269], [270, 271], [294, -291], [294, 295]]}, "": {"executed_lines": [], "summary": {"covered_lines": 0, "num_statements": 32, "percent_covered": 0.0, "percent_covered_display": "0.00", "missing_lines": 32, "excluded_lines": 0, "num_branches": 4, "num_partial_branches": 0, "covered_branches": 0, "missing_branches": 4}, "missing_lines": [7, 8, 9, 10, 11, 12, 13, 15, 18, 29, 42, 45, 51, 58, 67, 68, 128, 191, 199, 219, 237, 249, 284, 291, 298, 309, 322, 324, 325, 326, 328, 331], "excluded_lines": [], "executed_branches": [], "missing_branches": [[324, 325], [324, 328], [325, 324], [325, 326]]}}}, "src/sark/services/rate_limiter.py": {"executed_lines": [], "summary": {"covered_lines": 0, "num_statements": 77, "percent_covered": 0.0, "percent_covered_display": "0.00", "missing_lines": 77, "excluded_lines": 0, "num_branches": 4, "num_partial_branches": 0, "covered_branches": 0, "missing_branches": 4}, "missing_lines": [3, 4, 5, 7, 9, 12, 13, 16, 17, 18, 19, 20, 23, 35, 48, 49, 50, 52, 69, 70, 71, 74, 76, 78, 81, 84, 87, 90, 93, 96, 99, 100, 101, 104, 105, 107, 108, 109, 110, 111, 113, 121, 122, 124, 131, 140, 141, 142, 143, 144, 145, 146, 148, 157, 158, 159, 160, 163, 164, 165, 167, 168, 169, 171, 187, 188, 189, 192, 194, 195, 196, 197, 198, 200, 202, 203, 204], "excluded_lines": [], "executed_branches": [], "missing_branches": [[105, 107], [105, 113], [108, 109], [108, 113]], "functions": {"RateLimiter.__init__": {"executed_lines": [], "summary": {"covered_lines": 0, "num_statements": 3, "percent_covered": 0.0, "percent_covered_display": "0.00", "missing_lines": 3, "excluded_lines": 0, "num_branches": 0, "num_partial_branches": 0, "covered_branches": 0, "missing_branches": 0}, "missing_lines": [48, 49, 50], "excluded_lines": [], "executed_branches": [], "missing_branches": []}, "RateLimiter.check_rate_limit": {"executed_lines": [], "summary": {"covered_lines": 0, "num_statements": 26, "percent_covered": 0.0, "percent_covered_display": "0.00", "missing_lines": 26, "excluded_lines": 0, "num_branches": 4, "num_partial_branches": 0, "covered_branches": 0, "missing_branches": 4}, "missing_lines": [69, 70, 71, 74, 76, 78, 81, 84, 87, 90, 93, 96, 99, 100, 101, 104, 105, 107, 108, 109, 110, 111, 113, 121, 122, 124], "excluded_lines": [], "executed_branches": [], "missing_branches": [[105, 107], [105, 113], [108, 109], [108, 113]]}, "RateLimiter.reset_limit": {"executed_lines": [], "summary": {"covered_lines": 0, "num_statements": 7, "percent_covered": 0.0, "percent_covered_display": "0.00", "missing_lines": 7, "excluded_lines": 0, "num_branches": 0, "num_partial_branches": 0, "covered_branches": 0, "missing_branches": 0}, "missing_lines": [140, 141, 142, 143, 144, 145, 146], "excluded_lines": [], "executed_branches": [], "missing_branches": []}, "RateLimiter.get_current_usage": {"executed_lines": [], "summary": {"covered_lines": 0, "num_statements": 10, "percent_covered": 0.0, "percent_covered_display": "0.00", "missing_lines": 10, "excluded_lines": 0, "num_branches": 0, "num_partial_branches": 0, "covered_branches": 0, "missing_branches": 0}, "missing_lines": [157, 158, 159, 160, 163, 164, 165, 167, 168, 169], "excluded_lines": [], "executed_branches": [], "missing_branches": []}, "RateLimiter.increment_usage": {"executed_lines": [], "summary": {"covered_lines": 0, "num_statements": 13, "percent_covered": 0.0, "percent_covered_display": "0.00", "missing_lines": 13, "excluded_lines": 0, "num_branches": 0, "num_partial_branches": 0, "covered_branches": 0, "missing_branches": 0}, "missing_lines": [187, 188, 189, 192, 194, 195, 196, 197, 198, 200, 202, 203, 204], "excluded_lines": [], "executed_branches": [], "missing_branches": []}, "": {"executed_lines": [], "summary": {"covered_lines": 0, "num_statements": 18, "percent_covered": 0.0, "percent_covered_display": "0.00", "missing_lines": 18, "excluded_lines": 0, "num_branches": 0, "num_partial_branches": 0, "covered_branches": 0, "missing_branches": 0}, "missing_lines": [3, 4, 5, 7, 9, 12, 13, 16, 17, 18, 19, 20, 23, 35, 52, 131, 148, 171], "excluded_lines": [], "executed_branches": [], "missing_branches": []}}, "classes": {"RateLimitInfo": {"executed_lines": [], "summary": {"covered_lines": 0, "num_statements": 0, "percent_covered": 100.0, "percent_covered_display": "100.00", "missing_lines": 0, "excluded_lines": 0, "num_branches": 0, "num_partial_branches": 0, "covered_branches": 0, "missing_branches": 0}, "missing_lines": [], "excluded_lines": [], "executed_branches": [], "missing_branches": []}, "RateLimiter": {"executed_lines": [], "summary": {"covered_lines": 0, "num_statements": 59, "percent_covered": 0.0, "percent_covered_display": "0.00", "missing_lines": 59, "excluded_lines": 0, "num_branches": 4, "num_partial_branches": 0, "covered_branches": 0, "missing_branches": 4}, "missing_lines": [48, 49, 50, 69, 70, 71, 74, 76, 78, 81, 84, 87, 90, 93, 96, 99, 100, 101, 104, 105, 107, 108, 109, 110, 111, 113, 121, 122, 124, 140, 141, 142, 143, 144, 145, 146, 157, 158, 159, 160, 163, 164, 165, 167, 168, 169, 187, 188, 189, 192, 194, 195, 196, 197, 198, 200, 202, 203, 204], "excluded_lines": [], "executed_branches": [], "missing_branches": [[105, 107], [105, 113], [108, 109], [108, 113]]}, "": {"executed_lines": [], "summary": {"covered_lines": 0, "num_statements": 18, "percent_covered": 0.0, "percent_covered_display": "0.00", "missing_lines": 18, "excluded_lines": 0, "num_branches": 0, "num_partial_branches": 0, "covered_branches": 0, "missing_branches": 0}, "missing_lines": [3, 4, 5, 7, 9, 12, 13, 16, 17, 18, 19, 20, 23, 35, 52, 131, 148, 171], "excluded_lines": [], "executed_branches": [], "missing_branches": []}}}, "src/sark/services/siem/__init__.py": {"executed_lines": [], "summary": {"covered_lines": 0, "num_statements": 2, "percent_covered": 0.0, "percent_covered_display": "0.00", "missing_lines": 2, "excluded_lines": 0, "num_branches": 0, "num_partial_branches": 0, "covered_branches": 0, "missing_branches": 0}, "missing_lines": [3, 5], "excluded_lines": [], "executed_branches": [], "missing_branches": [], "functions": {"": {"executed_lines": [], "summary": {"covered_lines": 0, "num_statements": 2, "percent_covered": 0.0, "percent_covered_display": "0.00", "missing_lines": 2, "excluded_lines": 0, "num_branches": 0, "num_partial_branches": 0, "covered_branches": 0, "missing_branches": 0}, "missing_lines": [3, 5], "excluded_lines": [], "executed_branches": [], "missing_branches": []}}, "classes": {"": {"executed_lines": [], "summary": {"covered_lines": 0, "num_statements": 2, "percent_covered": 0.0, "percent_covered_display": "0.00", "missing_lines": 2, "excluded_lines": 0, "num_branches": 0, "num_partial_branches": 0, "covered_branches": 0, "missing_branches": 0}, "missing_lines": [3, 5], "excluded_lines": [], "executed_branches": [], "missing_branches": []}}}, "src/sark/services/siem/gateway_forwarder.py": {"executed_lines": [], "summary": {"covered_lines": 0, "num_statements": 61, "percent_covered": 0.0, "percent_covered_display": "0.00", "missing_lines": 61, "excluded_lines": 0, "num_branches": 12, "num_partial_branches": 0, "covered_branches": 0, "missing_branches": 12}, "missing_lines": [3, 4, 5, 6, 7, 8, 9, 11, 12, 14, 15, 18, 21, 22, 23, 26, 37, 44, 45, 48, 58, 59, 61, 62, 63, 65, 66, 69, 70, 73, 74, 77, 86, 88, 102, 105, 106, 115, 117, 124, 126, 127, 128, 135, 136, 137, 139, 142, 149, 151, 163, 165, 166, 175, 177, 183, 184, 190, 193, 194, 195], "excluded_lines": [], "executed_branches": [], "missing_branches": [[44, -26], [44, 45], [58, 59], [58, 61], [61, 62], [61, 65], [69, 70], [69, 73], [73, -48], [73, 74], [135, -77], [135, 136]], "functions": {"forward_gateway_event": {"executed_lines": [], "summary": {"covered_lines": 0, "num_statements": 3, "percent_covered": 0.0, "percent_covered_display": "0.00", "missing_lines": 3, "excluded_lines": 0, "num_branches": 2, "num_partial_branches": 0, "covered_branches": 0, "missing_branches": 2}, "missing_lines": [37, 44, 45], "excluded_lines": [], "executed_branches": [], "missing_branches": [[44, -26], [44, 45]]}, "flush_gateway_events": {"executed_lines": [], "summary": {"covered_lines": 0, "num_statements": 11, "percent_covered": 0.0, "percent_covered_display": "0.00", "missing_lines": 11, "excluded_lines": 0, "num_branches": 8, "num_partial_branches": 0, "covered_branches": 0, "missing_branches": 8}, "missing_lines": [58, 59, 61, 62, 63, 65, 66, 69, 70, 73, 74], "excluded_lines": [], "executed_branches": [], "missing_branches": [[58, 59], [58, 61], [61, 62], [61, 65], [69, 70], [69, 73], [73, -48], [73, 74]]}, "_forward_to_splunk": {"executed_lines": [], "summary": {"covered_lines": 0, "num_statements": 15, "percent_covered": 0.0, "percent_covered_display": "0.00", "missing_lines": 15, "excluded_lines": 0, "num_branches": 2, "num_partial_branches": 0, "covered_branches": 0, "missing_branches": 2}, "missing_lines": [86, 88, 102, 105, 106, 115, 117, 124, 126, 127, 128, 135, 136, 137, 139], "excluded_lines": [], "executed_branches": [], "missing_branches": [[135, -77], [135, 136]]}, "_forward_to_datadog": {"executed_lines": [], "summary": {"covered_lines": 0, "num_statements": 9, "percent_covered": 0.0, "percent_covered_display": "0.00", "missing_lines": 9, "excluded_lines": 0, "num_branches": 0, "num_partial_branches": 0, "covered_branches": 0, "missing_branches": 0}, "missing_lines": [149, 151, 163, 165, 166, 175, 177, 183, 184], "excluded_lines": [], "executed_branches": [], "missing_branches": []}, "_reset_circuit_breaker": {"executed_lines": [], "summary": {"covered_lines": 0, "num_statements": 3, "percent_covered": 0.0, "percent_covered_display": "0.00", "missing_lines": 3, "excluded_lines": 0, "num_branches": 0, "num_partial_branches": 0, "covered_branches": 0, "missing_branches": 0}, "missing_lines": [193, 194, 195], "excluded_lines": [], "executed_branches": [], "missing_branches": []}, "": {"executed_lines": [], "summary": {"covered_lines": 0, "num_statements": 20, "percent_covered": 0.0, "percent_covered_display": "0.00", "missing_lines": 20, "excluded_lines": 0, "num_branches": 0, "num_partial_branches": 0, "covered_branches": 0, "missing_branches": 0}, "missing_lines": [3, 4, 5, 6, 7, 8, 9, 11, 12, 14, 15, 18, 21, 22, 23, 26, 48, 77, 142, 190], "excluded_lines": [], "executed_branches": [], "missing_branches": []}}, "classes": {"": {"executed_lines": [], "summary": {"covered_lines": 0, "num_statements": 61, "percent_covered": 0.0, "percent_covered_display": "0.00", "missing_lines": 61, "excluded_lines": 0, "num_branches": 12, "num_partial_branches": 0, "covered_branches": 0, "missing_branches": 12}, "missing_lines": [3, 4, 5, 6, 7, 8, 9, 11, 12, 14, 15, 18, 21, 22, 23, 26, 37, 44, 45, 48, 58, 59, 61, 62, 63, 65, 66, 69, 70, 73, 74, 77, 86, 88, 102, 105, 106, 115, 117, 124, 126, 127, 128, 135, 136, 137, 139, 142, 149, 151, 163, 165, 166, 175, 177, 183, 184, 190, 193, 194, 195], "excluded_lines": [], "executed_branches": [], "missing_branches": [[44, -26], [44, 45], [58, 59], [58, 61], [61, 62], [61, 65], [69, 70], [69, 73], [73, -48], [73, 74], [135, -77], [135, 136]]}}}}, "totals": {"covered_lines": 1259, "num_statements": 9767, "percent_covered": 10.940053324159285, "percent_covered_display": "10.94", "missing_lines": 8508, "excluded_lines": 467, "num_branches": 1860, "num_partial_branches": 7, "covered_branches": 13, "missing_branches": 1847}}